This is pdfTeX, Version 3.1415926-1.40.9 (MiKTeX 2.7) (preloaded format=pdflatex 2009.4.18)  19 APR 2009 14:40
entering extended mode
**wikiprezentacja.tex
(wikiprezentacja.tex
LaTeX2e <2005/12/01>
Babel <v3.8l> and hyphenation patterns for english, dumylang, nohyphenation, ge
rman, ngerman, french, polish, loaded.
("d:\Program Files\MiKTeX 2.7\tex\latex\beamer\base\beamer.cls"
("d:\Program Files\MiKTeX 2.7\tex\latex\beamer\base\beamerbasercs.sty"
Package: beamerbasercs 2007/01/28 (rcs-revision 1.4)
)
Document Class: beamer 2007/03/11 cvs version 3.07 A class for typesetting pres
entations (rcs-revision 1.70)
("d:\Program Files\MiKTeX 2.7\tex\latex\beamer\base\beamerbasemodes.sty"
Package: beamerbasemodes 2007/01/28 (rcs-revision 1.22)
\beamer@tempbox=\box26
\beamer@tempcount=\count79
\c@beamerpauses=\count80

("d:\Program Files\MiKTeX 2.7\tex\latex\beamer\base\beamerbasedecode.sty"
Package: beamerbasedecode 2007/01/28 (rcs-revision 1.20)
\beamer@slideinframe=\count81
\beamer@minimum=\count82
)
\beamer@commentbox=\box27
\beamer@modecount=\count83
)
\headheight=\dimen102
\headdp=\dimen103
\footheight=\dimen104
\sidebarheight=\dimen105
\beamer@tempdim=\dimen106
\beamer@finalheight=\dimen107
\beamer@animht=\dimen108
\beamer@animdp=\dimen109
\beamer@animwd=\dimen110
\beamer@leftmargin=\dimen111
\beamer@rightmargin=\dimen112
\beamer@leftsidebar=\dimen113
\beamer@rightsidebar=\dimen114
\beamer@boxsize=\dimen115
\beamer@vboxoffset=\dimen116
\beamer@descdefault=\dimen117
\beamer@descriptionwidth=\dimen118
\beamer@lastskip=\skip41
\beamer@areabox=\box28
\beamer@animcurrent=\box29
\beamer@animshowbox=\box30
\beamer@sectionbox=\box31
\beamer@logobox=\box32
\beamer@linebox=\box33
\beamer@sectioncount=\count84
\beamer@subsubsectionmax=\count85
\beamer@subsectionmax=\count86
\beamer@sectionmax=\count87
\beamer@totalheads=\count88
\beamer@headcounter=\count89
\beamer@partstartpage=\count90
\beamer@sectionstartpage=\count91
\beamer@subsectionstartpage=\count92
\beamer@animationtempa=\count93
\beamer@animationtempb=\count94
\beamer@xpos=\count95
\beamer@ypos=\count96
\beamer@showpartnumber=\count97
\beamer@currentsubsection=\count98
\beamer@coveringdepth=\count99
\beamer@sectionadjust=\count100
\beamer@tocsectionnumber=\count101

("d:\Program Files\MiKTeX 2.7\tex\latex\beamer\base\beamerbaseoptions.sty"
Package: beamerbaseoptions 2007/01/28 (rcs-revision 1.8)

("d:\Program Files\MiKTeX 2.7\tex\latex\graphics\keyval.sty"
Package: keyval 1999/03/16 v1.13 key=value parser (DPC)
\KV@toks@=\toks14
))
("d:\Program Files\MiKTeX 2.7\tex\latex\pgf\basiclayer\pgfcore.sty"
("d:\Program Files\MiKTeX 2.7\tex\latex\graphics\graphicx.sty"
Package: graphicx 1999/02/16 v1.0f Enhanced LaTeX Graphics (DPC,SPQR)

("d:\Program Files\MiKTeX 2.7\tex\latex\graphics\graphics.sty"
Package: graphics 2006/02/20 v1.0o Standard LaTeX Graphics (DPC,SPQR)

("d:\Program Files\MiKTeX 2.7\tex\latex\graphics\trig.sty"
Package: trig 1999/03/16 v1.09 sin cos tan (DPC)
)
("d:\Program Files\MiKTeX 2.7\tex\latex\00miktex\graphics.cfg"
File: graphics.cfg 2007/01/18 v1.5 graphics configuration of teTeX/TeXLive
)
Package graphics Info: Driver file: pdftex.def on input line 90.

("d:\Program Files\MiKTeX 2.7\tex\latex\pdftex-def\pdftex.def"
File: pdftex.def 2008/09/08 v0.04l Graphics/color for pdfTeX
\Gread@gobject=\count102
))
\Gin@req@height=\dimen119
\Gin@req@width=\dimen120
)
("d:\Program Files\MiKTeX 2.7\tex\latex\pgf\systemlayer\pgfsys.sty"
("d:\Program Files\MiKTeX 2.7\tex\latex\pgf\utilities\pgfrcs.sty"
("d:\Program Files\MiKTeX 2.7\tex\generic\pgf\utilities\pgfutil-common.tex"
\pgfutil@everybye=\toks15
)
("d:\Program Files\MiKTeX 2.7\tex\generic\pgf\utilities\pgfutil-latex.def")
("d:\Program Files\MiKTeX 2.7\tex\generic\pgf\utilities\pgfrcs.code.tex"
Package: pgfrcs 2008/02/20 v2.00 (rcs-revision 1.21)
))
("d:\Program Files\MiKTeX 2.7\tex\generic\pgf\systemlayer\pgfsys.code.tex"
Package: pgfsys 2008/02/07 v2.00 (rcs-revision 1.31)

("d:\Program Files\MiKTeX 2.7\tex\generic\pgf\utilities\pgfkeys.code.tex"
\pgfkeys@pathtoks=\toks16
\pgfkeys@temptoks=\toks17
)
\pgf@x=\dimen121
\pgf@y=\dimen122
\pgf@xa=\dimen123
\pgf@ya=\dimen124
\pgf@xb=\dimen125
\pgf@yb=\dimen126
\pgf@xc=\dimen127
\pgf@yc=\dimen128
\c@pgf@counta=\count103
\c@pgf@countb=\count104
\c@pgf@countc=\count105
\c@pgf@countd=\count106

("d:\Program Files\MiKTeX 2.7\tex\generic\pgf\systemlayer\pgf.cfg"
File: pgf.cfg 2008/01/13  (rcs-revision 1.6)
)
Package pgfsys Info: Driver file for pgf: pgfsys-pdftex.def on input line 885.

("d:\Program Files\MiKTeX 2.7\tex\generic\pgf\systemlayer\pgfsys-pdftex.def"
File: pgfsys-pdftex.def 2007/12/20  (rcs-revision 1.20)

("d:\Program Files\MiKTeX 2.7\tex\generic\pgf\systemlayer\pgfsys-common-pdf.def
"
File: pgfsys-common-pdf.def 2007/12/17  (rcs-revision 1.8)
)))
("d:\Program Files\MiKTeX 2.7\tex\generic\pgf\systemlayer\pgfsyssoftpath.code.t
ex"
File: pgfsyssoftpath.code.tex 2008/01/23  (rcs-revision 1.6)
\pgfsyssoftpath@smallbuffer@items=\count107
\pgfsyssoftpath@bigbuffer@items=\count108
)
("d:\Program Files\MiKTeX 2.7\tex\generic\pgf\systemlayer\pgfsysprotocol.code.t
ex"
File: pgfsysprotocol.code.tex 2006/10/16  (rcs-revision 1.4)
)) ("d:\Program Files\MiKTeX 2.7\tex\latex\xcolor\xcolor.sty"
Package: xcolor 2007/01/21 v2.11 LaTeX color extensions (UK)

("d:\Program Files\MiKTeX 2.7\tex\latex\00miktex\color.cfg"
File: color.cfg 2007/01/18 v1.5 color configuration of teTeX/TeXLive
)
Package xcolor Info: Driver file: pdftex.def on input line 225.
Package xcolor Info: Model `cmy' substituted by `cmy0' on input line 1337.
Package xcolor Info: Model `hsb' substituted by `rgb' on input line 1341.
Package xcolor Info: Model `RGB' extended on input line 1353.
Package xcolor Info: Model `HTML' substituted by `rgb' on input line 1355.
Package xcolor Info: Model `Hsb' substituted by `hsb' on input line 1356.
Package xcolor Info: Model `tHsb' substituted by `hsb' on input line 1357.
Package xcolor Info: Model `HSB' substituted by `hsb' on input line 1358.
Package xcolor Info: Model `Gray' substituted by `gray' on input line 1359.
Package xcolor Info: Model `wave' substituted by `hsb' on input line 1360.

("d:\Program Files\MiKTeX 2.7\tex\latex\graphics\dvipsnam.def"
File: dvipsnam.def 1999/02/16 v3.0i Driver-dependant file (DPC,SPQR)
))
("d:\Program Files\MiKTeX 2.7\tex\generic\pgf\basiclayer\pgfcore.code.tex"
Package: pgfcore 2008/01/15 v2.00 (rcs-revision 1.6)

("d:\Program Files\MiKTeX 2.7\tex\generic\pgf\math\pgfmath.code.tex"
("d:\Program Files\MiKTeX 2.7\tex\generic\pgf\math\pgfmathcalc.code.tex"
("d:\Program Files\MiKTeX 2.7\tex\generic\pgf\math\pgfmathutil.code.tex"
\pgfmath@box=\box34
)
("d:\Program Files\MiKTeX 2.7\tex\generic\pgf\math\pgfmathparser.code.tex"
\pgfmath@stack=\toks18
\c@pgfmath@parsecounta=\count109
\c@pgfmath@parsecountb=\count110
\c@pgfmath@parsecountc=\count111
\pgfmath@parsex=\dimen129
)
("d:\Program Files\MiKTeX 2.7\tex\generic\pgf\math\pgfmathoperations.code.tex"
("d:\Program Files\MiKTeX 2.7\tex\generic\pgf\math\pgfmathtrig.code.tex")
("d:\Program Files\MiKTeX 2.7\tex\generic\pgf\math\pgfmathrnd.code.tex"))
("d:\Program Files\MiKTeX 2.7\tex\generic\pgf\math\pgfmathbase.code.tex")))
("d:\Program Files\MiKTeX 2.7\tex\generic\pgf\basiclayer\pgfcorepoints.code.tex
"
File: pgfcorepoints.code.tex 2008/02/03  (rcs-revision 1.13)
\pgf@picminx=\dimen130
\pgf@picmaxx=\dimen131
\pgf@picminy=\dimen132
\pgf@picmaxy=\dimen133
\pgf@pathminx=\dimen134
\pgf@pathmaxx=\dimen135
\pgf@pathminy=\dimen136
\pgf@pathmaxy=\dimen137
\pgf@xx=\dimen138
\pgf@xy=\dimen139
\pgf@yx=\dimen140
\pgf@yy=\dimen141
\pgf@zx=\dimen142
\pgf@zy=\dimen143
)
("d:\Program Files\MiKTeX 2.7\tex\generic\pgf\basiclayer\pgfcorepathconstruct.c
ode.tex"
File: pgfcorepathconstruct.code.tex 2008/02/13  (rcs-revision 1.14)
\pgf@path@lastx=\dimen144
\pgf@path@lasty=\dimen145
)
("d:\Program Files\MiKTeX 2.7\tex\generic\pgf\basiclayer\pgfcorepathusage.code.
tex"
File: pgfcorepathusage.code.tex 2008/01/23  (rcs-revision 1.11)
\pgf@shorten@end@additional=\dimen146
\pgf@shorten@start@additional=\dimen147
)
("d:\Program Files\MiKTeX 2.7\tex\generic\pgf\basiclayer\pgfcorescopes.code.tex
"
File: pgfcorescopes.code.tex 2008/01/15  (rcs-revision 1.26)
\pgfpic=\box35
\pgf@hbox=\box36
\pgf@layerbox@main=\box37
\pgf@picture@serial@count=\count112
)
("d:\Program Files\MiKTeX 2.7\tex\generic\pgf\basiclayer\pgfcoregraphicstate.co
de.tex"
File: pgfcoregraphicstate.code.tex 2007/12/12  (rcs-revision 1.8)
\pgflinewidth=\dimen148
)
("d:\Program Files\MiKTeX 2.7\tex\generic\pgf\basiclayer\pgfcoretransformations
.code.tex"
File: pgfcoretransformations.code.tex 2008/02/04  (rcs-revision 1.10)
\pgf@pt@x=\dimen149
\pgf@pt@y=\dimen150
\pgf@pt@temp=\dimen151
)
("d:\Program Files\MiKTeX 2.7\tex\generic\pgf\basiclayer\pgfcorequick.code.tex"
File: pgfcorequick.code.tex 2006/10/11  (rcs-revision 1.2)
)
("d:\Program Files\MiKTeX 2.7\tex\generic\pgf\basiclayer\pgfcoreobjects.code.te
x"
File: pgfcoreobjects.code.tex 2006/10/11  (rcs-revision 1.2)
)
("d:\Program Files\MiKTeX 2.7\tex\generic\pgf\basiclayer\pgfcorepathprocessing.
code.tex"
File: pgfcorepathprocessing.code.tex 2008/01/23  (rcs-revision 1.7)
)
("d:\Program Files\MiKTeX 2.7\tex\generic\pgf\basiclayer\pgfcorearrows.code.tex
"
File: pgfcorearrows.code.tex 2007/06/07  (rcs-revision 1.8)
)
("d:\Program Files\MiKTeX 2.7\tex\generic\pgf\basiclayer\pgfcoreshade.code.tex"
File: pgfcoreshade.code.tex 2007/12/10  (rcs-revision 1.9)
\pgf@max=\dimen152
\pgf@sys@shading@range@num=\count113
) ("d:\Program Files\MiKTeX 2.7\tex\generic\pgf\basiclayer\pgfcoreimage.code.te
x"
File: pgfcoreimage.code.tex 2008/01/15  (rcs-revision 1.1)
\pgfexternal@startupbox=\box38
)
("d:\Program Files\MiKTeX 2.7\tex\generic\pgf\basiclayer\pgfcorelayers.code.tex
"
File: pgfcorelayers.code.tex 2008/01/15  (rcs-revision 1.1)
)
("d:\Program Files\MiKTeX 2.7\tex\generic\pgf\basiclayer\pgfcoretransparency.co
de.tex"
File: pgfcoretransparency.code.tex 2008/01/17  (rcs-revision 1.2)
)
("d:\Program Files\MiKTeX 2.7\tex\generic\pgf\basiclayer\pgfcorepatterns.code.t
ex"
File: pgfcorepatterns.code.tex 2008/01/15  (rcs-revision 1.1)
))) ("d:\Program Files\MiKTeX 2.7\tex\latex\pgf\basiclayer\pgfbaseimage.sty"

Package pgf Warning: This package is obsolete and no longer needed on input lin
e 13.

) ("d:\Program Files\MiKTeX 2.7\tex\latex\pgf\utilities\xxcolor.sty"
Package: xxcolor 2003/10/24 ver 0.1
\XC@nummixins=\count114
\XC@countmixins=\count115
)
("d:\Program Files\MiKTeX 2.7\tex\latex\amsfonts\amssymb.sty"
Package: amssymb 2002/01/22 v2.2d

("d:\Program Files\MiKTeX 2.7\tex\latex\amsfonts\amsfonts.sty"
Package: amsfonts 2001/10/25 v2.2f
\@emptytoks=\toks19
\symAMSa=\mathgroup4
\symAMSb=\mathgroup5
LaTeX Font Info:    Overwriting math alphabet `\mathfrak' in version `bold'
(Font)                  U/euf/m/n --> U/euf/b/n on input line 132.
))
("d:\Program Files\MiKTeX 2.7\tex\latex\geometry\geometry.sty"
Package: geometry 2008/12/21 v4.2 Page Geometry

("d:\Program Files\MiKTeX 2.7\tex\generic\oberdiek\ifpdf.sty"
Package: ifpdf 2007/12/12 v1.6 Provides the ifpdf switch (HO)
Package ifpdf Info: pdfTeX in pdf mode detected.
)
("d:\Program Files\MiKTeX 2.7\tex\generic\oberdiek\ifvtex.sty"
Package: ifvtex 2008/11/04 v1.4 Switches for detecting VTeX and its modes (HO)
Package ifvtex Info: VTeX not detected.
)
\Gm@cnth=\count116
\Gm@cntv=\count117
\c@Gm@tempcnt=\count118
\Gm@bindingoffset=\dimen153
\Gm@wd@mp=\dimen154
\Gm@odd@mp=\dimen155
\Gm@even@mp=\dimen156
\Gm@dimlist=\toks20

("d:\Program Files\MiKTeX 2.7\tex\latex\geometry\geometry.cfg"))
("d:\Program Files\MiKTeX 2.7\tex\latex\hyperref\hyperref.sty"
Package: hyperref 2009/02/22 v6.78p Hypertext links for LaTeX

("d:\Program Files\MiKTeX 2.7\tex\latex\ifxetex\ifxetex.sty"
Package: ifxetex 2009/01/23 v0.5 Provides ifxetex conditional
)
("d:\Program Files\MiKTeX 2.7\tex\latex\oberdiek\hycolor.sty"
Package: hycolor 2008/09/08 v1.4 Code for color options of hyperref/bookmark (H
O)

("d:\Program Files\MiKTeX 2.7\tex\latex\oberdiek\xcolor-patch.sty"
Package: xcolor-patch 2008/09/08 xcolor patch
))
\@linkdim=\dimen157
\Hy@linkcounter=\count119
\Hy@pagecounter=\count120

("d:\Program Files\MiKTeX 2.7\tex\latex\hyperref\pd1enc.def"
File: pd1enc.def 2009/02/22 v6.78p Hyperref: PDFDocEncoding definition (HO)
)
("d:\Program Files\MiKTeX 2.7\tex\generic\oberdiek\etexcmds.sty"
Package: etexcmds 2007/12/12 v1.2 Prefix for e-TeX command names (HO)

("d:\Program Files\MiKTeX 2.7\tex\generic\oberdiek\infwarerr.sty"
Package: infwarerr 2007/09/09 v1.2 Providing info/warning/message (HO)
)
Package etexcmds Info: Could not find \expanded.
(etexcmds)             That can mean that you are not using pdfTeX 1.50 or
(etexcmds)             that some package has redefined \expanded.
(etexcmds)             In the latter case, load this package earlier.
)
("d:\Program Files\MiKTeX 2.7\tex\latex\00miktex\hyperref.cfg"
File: hyperref.cfg 2002/06/06 v1.2 hyperref configuration of TeXLive
)
("d:\Program Files\MiKTeX 2.7\tex\latex\oberdiek\kvoptions.sty"
Package: kvoptions 2007/10/18 v3.0 Keyval support for LaTeX options (HO)
)
Package hyperref Info: Option `bookmarks' set `true' on input line 2824.
Package hyperref Info: Option `bookmarksopen' set `true' on input line 2824.
Package hyperref Info: Option `implicit' set `false' on input line 2824.
Package hyperref Info: Hyper figures OFF on input line 2935.
Package hyperref Info: Link nesting OFF on input line 2940.
Package hyperref Info: Hyper index ON on input line 2943.
Package hyperref Info: Plain pages OFF on input line 2950.
Package hyperref Info: Backreferencing OFF on input line 2955.

Implicit mode OFF; no redefinition of LaTeX internals
Package hyperref Info: Bookmarks ON on input line 3145.
("d:\Program Files\MiKTeX 2.7\tex\latex\ltxmisc\url.sty"
\Urlmuskip=\muskip10
Package: url 2006/04/12  ver 3.3  Verb mode for urls, etc.
)
LaTeX Info: Redefining \url on input line 3382.

("d:\Program Files\MiKTeX 2.7\tex\generic\oberdiek\bitset.sty"
Package: bitset 2007/09/28 v1.0 Data type bit set (HO)

("d:\Program Files\MiKTeX 2.7\tex\generic\oberdiek\intcalc.sty"
Package: intcalc 2007/09/27 v1.1 Expandable integer calculations (HO)
)
("d:\Program Files\MiKTeX 2.7\tex\generic\oberdiek\bigintcalc.sty"
Package: bigintcalc 2007/11/11 v1.1 Expandable big integer calculations (HO)

("d:\Program Files\MiKTeX 2.7\tex\generic\oberdiek\pdftexcmds.sty"
Package: pdftexcmds 2007/12/12 v0.3 LuaTeX support for pdfTeX utility functions
 (HO)
Package pdftexcmds Info: LuaTeX not detected on input line 139.
)))
("d:\Program Files\MiKTeX 2.7\tex\generic\oberdiek\kvsetkeys.sty"
Package: kvsetkeys 2007/09/29 v1.3 Key value parser with default handler suppor
t (HO)
)
\Fld@menulength=\count121
\Field@Width=\dimen158
\Fld@charsize=\dimen159
\Field@toks=\toks21
Package hyperref Info: Hyper figures OFF on input line 4299.
Package hyperref Info: Link nesting OFF on input line 4304.
Package hyperref Info: Hyper index ON on input line 4307.
Package hyperref Info: backreferencing OFF on input line 4314.
Package hyperref Info: Link coloring OFF on input line 4319.
Package hyperref Info: Link coloring with OCG OFF on input line 4324.
Package hyperref Info: PDF/A mode OFF on input line 4329.

("d:\Program Files\MiKTeX 2.7\tex\generic\oberdiek\atbegshi.sty"
Package: atbegshi 2008/07/31 v1.9 At begin shipout hook (HO)
)

Package hyperref Warning: Option `pdfpagelabels' is turned off
(hyperref)                because \thepage is undefined.

Hyperref stopped early
)
*hyperref using default driver hpdftex*
("d:\Program Files\MiKTeX 2.7\tex\latex\hyperref\hpdftex.def"
File: hpdftex.def 2009/02/22 v6.78p Hyperref driver for pdfTeX
\Fld@listcount=\count122
)
("d:\Program Files\MiKTeX 2.7\tex\latex\extsizes\size9.clo"
File: size9.clo 1999/11/11 v1.4a NON-Standard LaTeX file (size option)
)
("d:\Program Files\MiKTeX 2.7\tex\latex\beamer\base\beamerbasecompatibility.sty
"
Package: beamerbasecompatibility 2007/01/28  (rcs-revision 1.63)
) ("d:\Program Files\MiKTeX 2.7\tex\latex\beamer\base\beamerbasefont.sty"
Package: beamerbasefont 2007/01/28  (rcs-revision 1.16)
)
("d:\Program Files\MiKTeX 2.7\tex\latex\beamer\base\beamerbasemisc.sty"
Package: beamerbasemisc 2007/01/28  (rcs-revision 1.24)
)
("d:\Program Files\MiKTeX 2.7\tex\latex\beamer\base\beamerbasetwoscreens.sty"
Package: beamerbasetwoscreens 2007/01/28  (rcs-revision 1.7)
)
("d:\Program Files\MiKTeX 2.7\tex\latex\beamer\base\beamerbaseoverlay.sty"
Package: beamerbaseoverlay 2007/01/28  (rcs-revision 1.50)
\beamer@argscount=\count123
\beamer@lastskipcover=\skip42
\beamer@trivlistdepth=\count124
)
("d:\Program Files\MiKTeX 2.7\tex\latex\beamer\base\beamerbasetitle.sty"
Package: beamerbasetitle 2007/01/28  (rcs-revision 1.25)
)
("d:\Program Files\MiKTeX 2.7\tex\latex\beamer\base\beamerbasesection.sty"
Package: beamerbasesection 2007/01/28  (rcs-revision 1.21)
\c@lecture=\count125
\c@part=\count126
\c@section=\count127
\c@subsection=\count128
\c@subsubsection=\count129
)
("d:\Program Files\MiKTeX 2.7\tex\latex\beamer\base\beamerbaseframe.sty"
Package: beamerbaseframe 2007/01/28  (rcs-revision 1.60)
\beamer@framebox=\box39
\beamer@frametitlebox=\box40
\beamer@zoombox=\box41
\beamer@zoomcount=\count130
\beamer@zoomframecount=\count131
\beamer@frametextheight=\dimen160
\c@subsectionslide=\count132
\beamer@frametopskip=\skip43
\beamer@framebottomskip=\skip44
\beamer@frametopskipautobreak=\skip45
\beamer@framebottomskipautobreak=\skip46
\beamer@envbody=\toks22
\c@framenumber=\count133
)
("d:\Program Files\MiKTeX 2.7\tex\latex\beamer\base\beamerbaseverbatim.sty"
Package: beamerbaseverbatim 2007/01/28  (rcs-revision 1.8)
\beamer@verbatimfileout=\write3
)
("d:\Program Files\MiKTeX 2.7\tex\latex\beamer\base\beamerbaseframesize.sty"
Package: beamerbaseframesize 2007/01/28  (rcs-revision 1.18)
\beamer@splitbox=\box42
\beamer@autobreakcount=\count134
\beamer@autobreaklastheight=\dimen161
\beamer@frametitletoks=\toks23
\beamer@framesubtitletoks=\toks24
)
("d:\Program Files\MiKTeX 2.7\tex\latex\beamer\base\beamerbaseframecomponents.s
ty"
Package: beamerbaseframecomponents 2007/01/28  (rcs-revision 1.41)
\beamer@footins=\box43
) ("d:\Program Files\MiKTeX 2.7\tex\latex\beamer\base\beamerbasecolor.sty"
Package: beamerbasecolor 2007/01/28  (rcs-revision 1.42)
)
("d:\Program Files\MiKTeX 2.7\tex\latex\beamer\base\beamerbasenotes.sty"
Package: beamerbasenotes 2007/01/28  (rcs-revision 1.23)
\beamer@frameboxcopy=\box44
)
("d:\Program Files\MiKTeX 2.7\tex\latex\beamer\base\beamerbasetoc.sty"
Package: beamerbasetoc 2007/01/28  (rcs-revision 1.21)
)
("d:\Program Files\MiKTeX 2.7\tex\latex\beamer\base\beamerbasetemplates.sty"
Package: beamerbasetemplates 2007/01/28  (rcs-revision 1.51)
\beamer@sbttoks=\toks25

("d:\Program Files\MiKTeX 2.7\tex\latex\beamer\base\beamerbaseauxtemplates.sty"
Package: beamerbaseauxtemplates 2007/01/28  (rcs-revision 1.28)
("d:\Program Files\MiKTeX 2.7\tex\latex\beamer\base\beamerbaseboxes.sty"
Package: beamerbaseboxes 2007/03/11  (rcs-revision 1.32)
\bmb@box=\box45
\bmb@colorbox=\box46
\bmb@boxshadow=\box47
\bmb@boxshadowball=\box48
\bmb@boxshadowballlarge=\box49
\bmb@temp=\dimen162
\bmb@dima=\dimen163
\bmb@dimb=\dimen164
\bmb@prevheight=\dimen165
)
\beamer@blockheadheight=\dimen166
))
("d:\Program Files\MiKTeX 2.7\tex\latex\beamer\base\beamerbaselocalstructure.st
y"
Package: beamerbaselocalstructure 2007/01/28  (rcs-revision 1.53)
 ("d:\Program Files\MiKTeX 2.7\tex\latex\tools\enumerate.sty"
Package: enumerate 1999/03/05 v3.00 enumerate extensions (DPC)
\@enLab=\toks26
)
\c@figure=\count135
\c@table=\count136
\abovecaptionskip=\skip47
\belowcaptionskip=\skip48
)
("d:\Program Files\MiKTeX 2.7\tex\latex\beamer\base\beamerbasenavigation.sty"
Package: beamerbasenavigation 2007/01/28  (rcs-revision 1.36)
)
("d:\Program Files\MiKTeX 2.7\tex\latex\beamer\base\beamerbasetheorems.sty"
Package: beamerbasetheorems 2007/01/28  (rcs-revision 1.10)

("d:\Program Files\MiKTeX 2.7\tex\latex\translator\base\translator.sty"
Package: translator 2007/03/11 ver 1.00

("d:\Program Files\MiKTeX 2.7\tex\latex\translator\base\translator-language-map
pings.tex")) ("d:\Program Files\MiKTeX 2.7\tex\latex\amsmath\amsmath.sty"
Package: amsmath 2000/07/18 v2.13 AMS math features
\@mathmargin=\skip49

For additional information on amsmath, use the `?' option.
("d:\Program Files\MiKTeX 2.7\tex\latex\amsmath\amstext.sty"
Package: amstext 2000/06/29 v2.01

("d:\Program Files\MiKTeX 2.7\tex\latex\amsmath\amsgen.sty"
File: amsgen.sty 1999/11/30 v2.0
\@emptytoks=\toks27
\ex@=\dimen167
))
("d:\Program Files\MiKTeX 2.7\tex\latex\amsmath\amsbsy.sty"
Package: amsbsy 1999/11/29 v1.2d
\pmbraise@=\dimen168
)
("d:\Program Files\MiKTeX 2.7\tex\latex\amsmath\amsopn.sty"
Package: amsopn 1999/12/14 v2.01 operator names
)
\inf@bad=\count137
LaTeX Info: Redefining \frac on input line 211.
\uproot@=\count138
\leftroot@=\count139
LaTeX Info: Redefining \overline on input line 307.
\classnum@=\count140
\DOTSCASE@=\count141
LaTeX Info: Redefining \ldots on input line 379.
LaTeX Info: Redefining \dots on input line 382.
LaTeX Info: Redefining \cdots on input line 467.
\Mathstrutbox@=\box50
\strutbox@=\box51
\big@size=\dimen169
LaTeX Font Info:    Redeclaring font encoding OML on input line 567.
LaTeX Font Info:    Redeclaring font encoding OMS on input line 568.
\macc@depth=\count142
\c@MaxMatrixCols=\count143
\dotsspace@=\muskip11
\c@parentequation=\count144
\dspbrk@lvl=\count145
\tag@help=\toks28
\row@=\count146
\column@=\count147
\maxfields@=\count148
\andhelp@=\toks29
\eqnshift@=\dimen170
\alignsep@=\dimen171
\tagshift@=\dimen172
\tagwidth@=\dimen173
\totwidth@=\dimen174
\lineht@=\dimen175
\@envbody=\toks30
\multlinegap=\skip50
\multlinetaggap=\skip51
\mathdisplay@stack=\toks31
LaTeX Info: Redefining \[ on input line 2666.
LaTeX Info: Redefining \] on input line 2667.
)
("d:\Program Files\MiKTeX 2.7\tex\latex\amscls\amsthm.sty"
Package: amsthm 2004/08/06 v2.20
\thm@style=\toks32
\thm@bodyfont=\toks33
\thm@headfont=\toks34
\thm@notefont=\toks35
\thm@headpunct=\toks36
\thm@preskip=\skip52
\thm@postskip=\skip53
\thm@headsep=\skip54
\dth@everypar=\toks37
)
\c@theorem=\count149
)
("d:\Program Files\MiKTeX 2.7\tex\latex\beamer\base\beamerbasethemes.sty"
Package: beamerbasethemes 2007/01/28  (rcs-revision 1.10)
)
("d:\Program Files\MiKTeX 2.7\tex\latex\beamer\themes\theme\beamerthemedefault.
sty"
Package: beamerthemedefault 2007/01/28  (rcs-revision 1.7)

("d:\Program Files\MiKTeX 2.7\tex\latex\beamer\themes\font\beamerfontthemedefau
lt.sty"
Package: beamerfontthemedefault 2007/01/28  (rcs-revision 1.13)
)
("d:\Program Files\MiKTeX 2.7\tex\latex\beamer\themes\color\beamercolorthemedef
ault.sty"
Package: beamercolorthemedefault 2007/01/28  (rcs-revision 1.28)
)
("d:\Program Files\MiKTeX 2.7\tex\latex\beamer\themes\inner\beamerinnerthemedef
ault.sty"
Package: beamerinnerthemedefault 2007/01/28  (rcs-revision 1.20)
\beamer@dima=\dimen176
\beamer@dimb=\dimen177
)
("d:\Program Files\MiKTeX 2.7\tex\latex\beamer\themes\outer\beamerouterthemedef
ault.sty"
Package: beamerouterthemedefault 2007/01/28  (rcs-revision 1.14)
))) ("d:\Program Files\MiKTeX 2.7\tex\latex\polski\polski.sty"
Package: polski 2008/02/24 v1.3.3 Polish language package

Document language package `polski' v1.3.3 <2008/02/24>
   Switching to Polish text encoding and Polish maths fonts.
("d:\Program Files\MiKTeX 2.7\tex\latex\base\ot4enc.def"
File: ot4enc.def 2005/09/27 v1.99g Standard LaTeX file
)
LaTeX Font Info:    Try loading font information for OT4+cmss on input line 346
.

("d:\Program Files\MiKTeX 2.7\tex\latex\polski\ot4cmss.fd"
File: ot4cmss.fd 2008/02/24 v1.2.1 Font defs for fonts PL (MW)
)
LaTeX Font Info:    Overwriting math alphabet `\mathbf' in version `normal'
(Font)                  OT1/cmr/bx/n --> OT4/cmr/bx/n on input line 346.
LaTeX Font Info:    Overwriting math alphabet `\mathsf' in version `normal'
(Font)                  OT1/cmss/m/n --> OT4/cmss/m/n on input line 346.
LaTeX Font Info:    Overwriting math alphabet `\mathit' in version `normal'
(Font)                  OT1/cmr/m/it --> OT4/cmr/m/it on input line 346.
LaTeX Font Info:    Overwriting math alphabet `\mathtt' in version `normal'
(Font)                  OT1/cmtt/m/n --> OT4/cmtt/m/n on input line 346.
LaTeX Font Info:    Overwriting math alphabet `\mathsf' in version `bold'
(Font)                  OT1/cmss/bx/n --> OT4/cmss/bx/n on input line 346.
LaTeX Font Info:    Overwriting math alphabet `\mathit' in version `bold'
(Font)                  OT1/cmr/bx/it --> OT4/cmr/bx/it on input line 346.
LaTeX Font Info:    Encoding `OT1' has changed to `OT4' for symbol font
(Font)              `operators' in the math version `normal' on input line 346.

LaTeX Font Info:    Overwriting symbol font `operators' in version `normal'
(Font)                  OT1/cmr/m/n --> OT4/cmr/m/n on input line 346.
LaTeX Font Info:    Overwriting symbol font `letters' in version `normal'
(Font)                  OML/cmm/m/it --> OML/plm/m/it on input line 346.
LaTeX Font Info:    Overwriting symbol font `symbols' in version `normal'
(Font)                  OMS/cmsy/m/n --> OMS/plsy/m/n on input line 346.
LaTeX Font Info:    Overwriting symbol font `largesymbols' in version `normal'
(Font)                  OMX/cmex/m/n --> OMX/plex/m/n on input line 346.
LaTeX Font Info:    Encoding `OT1' has changed to `OT4' for symbol font
(Font)              `operators' in the math version `bold' on input line 346.
LaTeX Font Info:    Overwriting symbol font `operators' in version `bold'
(Font)                  OT1/cmr/bx/n --> OT4/cmr/bx/n on input line 346.
LaTeX Font Info:    Overwriting symbol font `letters' in version `bold'
(Font)                  OML/cmm/b/it --> OML/plm/b/it on input line 346.
LaTeX Font Info:    Overwriting symbol font `symbols' in version `bold'
(Font)                  OMS/cmsy/b/n --> OMS/plsy/b/n on input line 346.
)
("d:\Program Files\MiKTeX 2.7\tex\latex\base\inputenc.sty"
Package: inputenc 2006/05/05 v1.1b Input encoding file
\inpenc@prehook=\toks38
\inpenc@posthook=\toks39

("d:\Program Files\MiKTeX 2.7\tex\latex\base\cp1250.def"
File: cp1250.def 2006/05/05 v1.1b Input encoding file
))
("d:\Program Files\MiKTeX 2.7\tex\latex\floatflt\floatflt.sty"
Package: floatflt 1997/07/16 v. 1.31
\c@OptionTest=\count150
\figbox=\box52
\tabbox=\box53
\pagebox=\box54
\ffigcount=\count151
\ftabcount=\count152
\fftest=\count153
\hangcount=\count154
\nosuccesstryfig=\count155
\nosuccesstrytab=\count156
\figgutter=\dimen178
\tabgutter=\dimen179
\htdone=\dimen180
\pageht=\dimen181
\startpageht=\dimen182
\tabbredd=\dimen183
\floatfltwidth=\dimen184
\fltitemwidth=\dimen185
\outputpretest=\toks40
)
("d:\Program Files\MiKTeX 2.7\tex\latex\base\textcomp.sty"
Package: textcomp 2005/09/27 v1.99g Standard LaTeX package
Package textcomp Info: Sub-encoding information:
(textcomp)               5 = only ISO-Adobe without \textcurrency
(textcomp)               4 = 5 + \texteuro
(textcomp)               3 = 4 + \textohm
(textcomp)               2 = 3 + \textestimated + \textcurrency
(textcomp)               1 = TS1 - \textcircled - \t
(textcomp)               0 = TS1 (full)
(textcomp)             Font families with sub-encoding setting implement
(textcomp)             only a restricted character set as indicated.
(textcomp)             Family '?' is the default used for unknown fonts.
(textcomp)             See the documentation for details.
Package textcomp Info: Setting ? sub-encoding to TS1/1 on input line 71.

("d:\Program Files\MiKTeX 2.7\tex\latex\base\ts1enc.def"
File: ts1enc.def 2001/06/05 v3.0e (jk/car/fm) Standard LaTeX file
)
LaTeX Info: Redefining \oldstylenums on input line 266.
Package textcomp Info: Setting cmr sub-encoding to TS1/0 on input line 281.
Package textcomp Info: Setting cmss sub-encoding to TS1/0 on input line 282.
Package textcomp Info: Setting cmtt sub-encoding to TS1/0 on input line 283.
Package textcomp Info: Setting cmvtt sub-encoding to TS1/0 on input line 284.
Package textcomp Info: Setting cmbr sub-encoding to TS1/0 on input line 285.
Package textcomp Info: Setting cmtl sub-encoding to TS1/0 on input line 286.
Package textcomp Info: Setting ccr sub-encoding to TS1/0 on input line 287.
Package textcomp Info: Setting ptm sub-encoding to TS1/4 on input line 288.
Package textcomp Info: Setting pcr sub-encoding to TS1/4 on input line 289.
Package textcomp Info: Setting phv sub-encoding to TS1/4 on input line 290.
Package textcomp Info: Setting ppl sub-encoding to TS1/3 on input line 291.
Package textcomp Info: Setting pag sub-encoding to TS1/4 on input line 292.
Package textcomp Info: Setting pbk sub-encoding to TS1/4 on input line 293.
Package textcomp Info: Setting pnc sub-encoding to TS1/4 on input line 294.
Package textcomp Info: Setting pzc sub-encoding to TS1/4 on input line 295.
Package textcomp Info: Setting bch sub-encoding to TS1/4 on input line 296.
Package textcomp Info: Setting put sub-encoding to TS1/5 on input line 297.
Package textcomp Info: Setting uag sub-encoding to TS1/5 on input line 298.
Package textcomp Info: Setting ugq sub-encoding to TS1/5 on input line 299.
Package textcomp Info: Setting ul8 sub-encoding to TS1/4 on input line 300.
Package textcomp Info: Setting ul9 sub-encoding to TS1/4 on input line 301.
Package textcomp Info: Setting augie sub-encoding to TS1/5 on input line 302.
Package textcomp Info: Setting dayrom sub-encoding to TS1/3 on input line 303.
Package textcomp Info: Setting dayroms sub-encoding to TS1/3 on input line 304.

Package textcomp Info: Setting pxr sub-encoding to TS1/0 on input line 305.
Package textcomp Info: Setting pxss sub-encoding to TS1/0 on input line 306.
Package textcomp Info: Setting pxtt sub-encoding to TS1/0 on input line 307.
Package textcomp Info: Setting txr sub-encoding to TS1/0 on input line 308.
Package textcomp Info: Setting txss sub-encoding to TS1/0 on input line 309.
Package textcomp Info: Setting txtt sub-encoding to TS1/0 on input line 310.
Package textcomp Info: Setting futs sub-encoding to TS1/4 on input line 311.
Package textcomp Info: Setting futx sub-encoding to TS1/4 on input line 312.
Package textcomp Info: Setting futj sub-encoding to TS1/4 on input line 313.
Package textcomp Info: Setting hlh sub-encoding to TS1/3 on input line 314.
Package textcomp Info: Setting hls sub-encoding to TS1/3 on input line 315.
Package textcomp Info: Setting hlst sub-encoding to TS1/3 on input line 316.
Package textcomp Info: Setting hlct sub-encoding to TS1/5 on input line 317.
Package textcomp Info: Setting hlx sub-encoding to TS1/5 on input line 318.
Package textcomp Info: Setting hlce sub-encoding to TS1/5 on input line 319.
Package textcomp Info: Setting hlcn sub-encoding to TS1/5 on input line 320.
Package textcomp Info: Setting hlcw sub-encoding to TS1/5 on input line 321.
Package textcomp Info: Setting hlcf sub-encoding to TS1/5 on input line 322.
Package textcomp Info: Setting pplx sub-encoding to TS1/3 on input line 323.
Package textcomp Info: Setting pplj sub-encoding to TS1/3 on input line 324.
Package textcomp Info: Setting ptmx sub-encoding to TS1/4 on input line 325.
Package textcomp Info: Setting ptmj sub-encoding to TS1/4 on input line 326.
)
("d:\Program Files\MiKTeX 2.7\tex\latex\beamer\themes\theme\beamerthemePaloAlto
.sty"
Package: beamerthemePaloAlto 2007/01/28  (rcs-revision 1.11)

("d:\Program Files\MiKTeX 2.7\tex\latex\beamer\themes\outer\beamerouterthemesid
ebar.sty"
Package: beamerouterthemesidebar 2007/01/28  (rcs-revision 1.9)
\beamer@sidebarwidth=\dimen186
\beamer@headheight=\dimen187
)
("d:\Program Files\MiKTeX 2.7\tex\latex\beamer\themes\inner\beamerinnerthemerou
nded.sty"
Package: beamerinnerthemerounded 2007/01/28  (rcs-revision 1.5)
)
("d:\Program Files\MiKTeX 2.7\tex\latex\beamer\themes\color\beamercolorthemeorc
hid.sty"
Package: beamercolorthemeorchid 2007/01/28  (rcs-revision 1.3)
)
("d:\Program Files\MiKTeX 2.7\tex\latex\beamer\themes\color\beamercolorthemewha
le.sty"
Package: beamercolorthemewhale 2007/01/28  (rcs-revision 1.4)
))
("d:\Program Files\MiKTeX 2.7\tex\latex\beamer\themes\color\beamercolorthemestr
ucture.sty"
Package: beamercolorthemestructure 2007/01/28  (rcs-revision 1.4)
) (wikiprezentacja.aux)
LaTeX Font Info:    Checking defaults for OML/cmm/m/it on input line 30.
LaTeX Font Info:    ... okay on input line 30.
LaTeX Font Info:    Checking defaults for T1/cmr/m/n on input line 30.
LaTeX Font Info:    ... okay on input line 30.
LaTeX Font Info:    Checking defaults for OT1/cmr/m/n on input line 30.
LaTeX Font Info:    ... okay on input line 30.
LaTeX Font Info:    Checking defaults for OMS/cmsy/m/n on input line 30.
LaTeX Font Info:    ... okay on input line 30.
LaTeX Font Info:    Checking defaults for OMX/cmex/m/n on input line 30.
LaTeX Font Info:    ... okay on input line 30.
LaTeX Font Info:    Checking defaults for U/cmr/m/n on input line 30.
LaTeX Font Info:    ... okay on input line 30.
LaTeX Font Info:    Checking defaults for PD1/pdf/m/n on input line 30.
LaTeX Font Info:    ... okay on input line 30.
LaTeX Font Info:    Checking defaults for OT4/cmr/m/n on input line 30.
LaTeX Font Info:    Try loading font information for OT4+cmr on input line 30.

("d:\Program Files\MiKTeX 2.7\tex\latex\polski\ot4cmr.fd"
File: ot4cmr.fd 2008/02/24 v1.2.1 Font defs for fonts PL (MW)
)
LaTeX Font Info:    ... okay on input line 30.
LaTeX Font Info:    Checking defaults for TS1/cmr/m/n on input line 30.
LaTeX Font Info:    Try loading font information for TS1+cmr on input line 30.

("d:\Program Files\MiKTeX 2.7\tex\latex\base\ts1cmr.fd"
File: ts1cmr.fd 1999/05/25 v2.5h Standard LaTeX font definitions
)
LaTeX Font Info:    ... okay on input line 30.

("d:\Program Files\MiKTeX 2.7\tex\context\base\supp-pdf.tex"
[Loading MPS to PDF converter (version 2006.09.02).]
\scratchcounter=\count157
\scratchdimen=\dimen188
\scratchbox=\box55
\nofMPsegments=\count158
\nofMParguments=\count159
\everyMPshowfont=\toks41
\MPscratchCnt=\count160
\MPscratchDim=\dimen189
\MPnumerator=\count161
\everyMPtoPDFconversion=\toks42
)
*geometry auto-detecting driver*
*geometry detected driver: pdftex*
-------------------- Geometry parameters
paper: user defined
landscape: --
twocolumn: --
twoside: --
asymmetric: --
h-parts: 46.72636pt, 303.24263pt, 14.22636pt
v-parts: 0.0pt, 273.14662pt, 0.0pt
hmarginratio: --
vmarginratio: --
lines: --
heightrounded: --
bindingoffset: 0.0pt
truedimen: --
includehead: true
includefoot: true
includemp: --
driver: pdftex
-------------------- Page layout dimensions and switches
\paperwidth  364.19536pt
\paperheight 273.14662pt
\textwidth  303.24263pt
\textheight 244.6939pt
\oddsidemargin  -25.54362pt
\evensidemargin -25.54362pt
\topmargin  -72.26999pt
\headheight 14.22636pt
\headsep    0.0pt
\footskip   14.22636pt
\marginparwidth 4.0pt
\marginparsep   10.0pt
\columnsep  10.0pt
\skip\footins  8.0pt plus 4.0pt minus 2.0pt
\hoffset 0.0pt
\voffset 0.0pt
\mag 1000

(1in=72.27pt, 1cm=28.45pt)
-----------------------
Package hyperref Info: Link coloring OFF on input line 30.
("d:\Program Files\MiKTeX 2.7\tex\latex\hyperref\nameref.sty"
Package: nameref 2007/05/29 v2.31 Cross-referencing by name of section

("d:\Program Files\MiKTeX 2.7\tex\latex\oberdiek\refcount.sty"
Package: refcount 2008/08/11 v3.1 Data extraction from references (HO)
)
\c@section@level=\count162
)
LaTeX Info: Redefining \ref on input line 30.
LaTeX Info: Redefining \pageref on input line 30.

(wikiprezentacja.out) (wikiprezentacja.out)
\@outlinefile=\write4
\AtBeginShipoutBox=\box56


LaTeX Font Warning: Encoding `OT4' has changed to `OT1' for symbol font
(Font)              `operators' in the math version `normal' on input line 30.

LaTeX Font Info:    Overwriting symbol font `operators' in version `normal'
(Font)                  OT4/cmr/m/n --> OT1/cmss/m/n on input line 30.

LaTeX Font Warning: Encoding `OT4' has changed to `OT1' for symbol font
(Font)              `operators' in the math version `bold' on input line 30.

LaTeX Font Info:    Overwriting symbol font `operators' in version `bold'
(Font)                  OT4/cmr/bx/n --> OT1/cmss/bx/n on input line 30.
\symnumbers=\mathgroup6
\sympureletters=\mathgroup7
LaTeX Font Info:    Overwriting math alphabet `\mathrm' in version `normal'
(Font)                  OT1/cmss/m/n --> OT4/cmr/m/n on input line 30.
LaTeX Font Info:    Redeclaring math alphabet \mathbf on input line 30.
LaTeX Font Info:    Overwriting math alphabet `\mathbf' in version `normal'
(Font)                  OT4/cmr/bx/n --> OT4/cmss/bx/n on input line 30.
LaTeX Font Info:    Overwriting math alphabet `\mathbf' in version `bold'
(Font)                  OT1/cmr/bx/n --> OT4/cmss/bx/n on input line 30.
LaTeX Font Info:    Redeclaring math alphabet \mathsf on input line 30.
LaTeX Font Info:    Overwriting math alphabet `\mathsf' in version `normal'
(Font)                  OT4/cmss/m/n --> OT4/cmss/m/n on input line 30.
LaTeX Font Info:    Overwriting math alphabet `\mathsf' in version `bold'
(Font)                  OT4/cmss/bx/n --> OT4/cmss/m/n on input line 30.
LaTeX Font Info:    Redeclaring math alphabet \mathit on input line 30.
LaTeX Font Info:    Overwriting math alphabet `\mathit' in version `normal'
(Font)                  OT4/cmr/m/it --> OT4/cmss/m/it on input line 30.
LaTeX Font Info:    Overwriting math alphabet `\mathit' in version `bold'
(Font)                  OT4/cmr/bx/it --> OT4/cmss/m/it on input line 30.
LaTeX Font Info:    Redeclaring math alphabet \mathtt on input line 30.
LaTeX Font Info:    Overwriting math alphabet `\mathtt' in version `normal'
(Font)                  OT4/cmtt/m/n --> OT4/cmtt/m/n on input line 30.
LaTeX Font Info:    Overwriting math alphabet `\mathtt' in version `bold'
(Font)                  OT1/cmtt/m/n --> OT4/cmtt/m/n on input line 30.
LaTeX Font Info:    Overwriting symbol font `numbers' in version `bold'
(Font)                  OT4/cmss/m/n --> OT4/cmss/bx/n on input line 30.
LaTeX Font Info:    Overwriting symbol font `pureletters' in version `bold'
(Font)                  OT4/cmss/m/it --> OT4/cmss/bx/it on input line 30.
LaTeX Font Info:    Overwriting math alphabet `\mathrm' in version `bold'
(Font)                  OT1/cmss/bx/n --> OT4/cmr/bx/n on input line 30.
LaTeX Font Info:    Overwriting math alphabet `\mathbf' in version `bold'
(Font)                  OT4/cmss/bx/n --> OT4/cmss/bx/n on input line 30.
LaTeX Font Info:    Overwriting math alphabet `\mathsf' in version `bold'
(Font)                  OT4/cmss/m/n --> OT4/cmss/bx/n on input line 30.
LaTeX Font Info:    Overwriting math alphabet `\mathit' in version `bold'
(Font)                  OT4/cmss/m/it --> OT4/cmss/bx/it on input line 30.
LaTeX Font Info:    Overwriting math alphabet `\mathtt' in version `bold'
(Font)                  OT4/cmtt/m/n --> OT4/cmtt/bx/n on input line 30.

("d:\Program Files\MiKTeX 2.7\tex\latex\translator\dicts\theorem\translator-the
orem-dictionary-English.dict"
Dictionary: translator-theorem-dictionary, Language: English 
) (wikiprezentacja.nav)
Overfull \hbox (2.85968pt too wide) has occurred while \output is active
 []\OT4/cmss/m/n/5 Zastosowanie 
 []


Overfull \hbox (2.27286pt too wide) has occurred while \output is active
 []\OT4/cmss/m/n/5 Zastosowania  
 []


Overfull \hbox (0.95691pt too wide) has occurred while \output is active
 []\OT4/cmss/m/n/5 Wikipatterns  
 []


Overfull \hbox (5.4274pt too wide) has occurred while \output is active
 []\OT4/cmss/m/n/5 Podsumowanie  
 []

[1{C:/Documents and Settings/All Users/Application Data/MiKTeX/2.7/pdftex/confi
g/pdftex.map}

] (wikiprezentacja.toc)
Overfull \hbox (2.85968pt too wide) has occurred while \output is active
 []\OT4/cmss/m/n/5 Zastosowanie 
 []


Overfull \hbox (2.27286pt too wide) has occurred while \output is active
 []\OT4/cmss/m/n/5 Zastosowania  
 []


Overfull \hbox (0.95691pt too wide) has occurred while \output is active
 []\OT4/cmss/m/n/5 Wikipatterns  
 []


Overfull \hbox (5.4274pt too wide) has occurred while \output is active
 []\OT4/cmss/m/n/5 Podsumowanie  
 []

[2

]
Overfull \hbox (2.85968pt too wide) has occurred while \output is active
 []\OT4/cmss/m/n/5 Zastosowanie 
 []


Overfull \hbox (2.27286pt too wide) has occurred while \output is active
 []\OT4/cmss/m/n/5 Zastosowania  
 []


Overfull \hbox (0.95691pt too wide) has occurred while \output is active
 []\OT4/cmss/m/n/5 Wikipatterns  
 []


Overfull \hbox (5.4274pt too wide) has occurred while \output is active
 []\OT4/cmss/m/n/5 Podsumowanie  
 []

[3

]
Overfull \hbox (2.85968pt too wide) has occurred while \output is active
 []\OT4/cmss/m/n/5 Zastosowanie 
 []


Overfull \hbox (2.27286pt too wide) has occurred while \output is active
 []\OT4/cmss/m/n/5 Zastosowania  
 []


Overfull \hbox (0.95691pt too wide) has occurred while \output is active
 []\OT4/cmss/m/n/5 Wikipatterns  
 []


Overfull \hbox (5.4274pt too wide) has occurred while \output is active
 []\OT4/cmss/m/n/5 Podsumowanie  
 []

[4

]
Overfull \hbox (2.85968pt too wide) has occurred while \output is active
 []\OT4/cmss/m/n/5 Zastosowanie 
 []


Overfull \hbox (2.27286pt too wide) has occurred while \output is active
 []\OT4/cmss/m/n/5 Zastosowania  
 []


Overfull \hbox (0.95691pt too wide) has occurred while \output is active
 []\OT4/cmss/m/n/5 Wikipatterns  
 []


Overfull \hbox (5.4274pt too wide) has occurred while \output is active
 []\OT4/cmss/m/n/5 Podsumowanie  
 []

[5

]
Overfull \hbox (2.85968pt too wide) has occurred while \output is active
 []\OT4/cmss/m/n/5 Zastosowanie 
 []


Overfull \hbox (2.27286pt too wide) has occurred while \output is active
 []\OT4/cmss/m/n/5 Zastosowania  
 []


Overfull \hbox (0.95691pt too wide) has occurred while \output is active
 []\OT4/cmss/m/n/5 Wikipatterns  
 []


Overfull \hbox (5.4274pt too wide) has occurred while \output is active
 []\OT4/cmss/m/n/5 Podsumowanie  
 []

[6

]
Overfull \hbox (2.85968pt too wide) has occurred while \output is active
 []\OT4/cmss/m/n/5 Zastosowanie 
 []


Overfull \hbox (2.27286pt too wide) has occurred while \output is active
 []\OT4/cmss/m/n/5 Zastosowania  
 []


Overfull \hbox (0.95691pt too wide) has occurred while \output is active
 []\OT4/cmss/m/n/5 Wikipatterns  
 []


Overfull \hbox (5.4274pt too wide) has occurred while \output is active
 []\OT4/cmss/m/n/5 Podsumowanie  
 []

[7

]
Overfull \hbox (2.85968pt too wide) has occurred while \output is active
 []\OT4/cmss/m/n/5 Zastosowanie 
 []


Overfull \hbox (2.27286pt too wide) has occurred while \output is active
 []\OT4/cmss/m/n/5 Zastosowania  
 []


Overfull \hbox (0.95691pt too wide) has occurred while \output is active
 []\OT4/cmss/m/n/5 Wikipatterns  
 []


Overfull \hbox (5.4274pt too wide) has occurred while \output is active
 []\OT4/cmss/m/n/5 Podsumowanie  
 []

[8

]
Overfull \hbox (2.85968pt too wide) has occurred while \output is active
 []\OT4/cmss/m/n/5 Zastosowanie 
 []


Overfull \hbox (2.27286pt too wide) has occurred while \output is active
 []\OT4/cmss/m/n/5 Zastosowania  
 []


Overfull \hbox (0.95691pt too wide) has occurred while \output is active
 []\OT4/cmss/m/n/5 Wikipatterns  
 []


Overfull \hbox (5.4274pt too wide) has occurred while \output is active
 []\OT4/cmss/m/n/5 Podsumowanie  
 []

[9

]
Overfull \hbox (2.85968pt too wide) has occurred while \output is active
 []\OT4/cmss/m/n/5 Zastosowanie 
 []


Overfull \hbox (2.27286pt too wide) has occurred while \output is active
 []\OT4/cmss/m/n/5 Zastosowania  
 []


Overfull \hbox (0.95691pt too wide) has occurred while \output is active
 []\OT4/cmss/m/n/5 Wikipatterns  
 []


Overfull \hbox (5.4274pt too wide) has occurred while \output is active
 []\OT4/cmss/m/n/5 Podsumowanie  
 []

[10

]
Overfull \hbox (2.85968pt too wide) has occurred while \output is active
 []\OT4/cmss/m/n/5 Zastosowanie 
 []


Overfull \hbox (2.27286pt too wide) has occurred while \output is active
 []\OT4/cmss/m/n/5 Zastosowania  
 []


Overfull \hbox (0.95691pt too wide) has occurred while \output is active
 []\OT4/cmss/m/n/5 Wikipatterns  
 []


Overfull \hbox (5.4274pt too wide) has occurred while \output is active
 []\OT4/cmss/m/n/5 Podsumowanie  
 []

[11

]
Overfull \hbox (2.85968pt too wide) has occurred while \output is active
 []\OT4/cmss/m/n/5 Zastosowanie 
 []


Overfull \hbox (2.27286pt too wide) has occurred while \output is active
 []\OT4/cmss/m/n/5 Zastosowania  
 []


Overfull \hbox (0.95691pt too wide) has occurred while \output is active
 []\OT4/cmss/m/n/5 Wikipatterns  
 []


Overfull \hbox (5.4274pt too wide) has occurred while \output is active
 []\OT4/cmss/m/n/5 Podsumowanie  
 []

[12

]
Overfull \hbox (2.85968pt too wide) has occurred while \output is active
 []\OT4/cmss/m/n/5 Zastosowanie 
 []


Overfull \hbox (2.27286pt too wide) has occurred while \output is active
 []\OT4/cmss/m/n/5 Zastosowania  
 []


Overfull \hbox (0.95691pt too wide) has occurred while \output is active
 []\OT4/cmss/m/n/5 Wikipatterns  
 []


Overfull \hbox (5.4274pt too wide) has occurred while \output is active
 []\OT4/cmss/m/n/5 Podsumowanie  
 []

[13

]
Overfull \hbox (2.85968pt too wide) has occurred while \output is active
 []\OT4/cmss/m/n/5 Zastosowanie 
 []


Overfull \hbox (2.27286pt too wide) has occurred while \output is active
 []\OT4/cmss/m/n/5 Zastosowania  
 []


Overfull \hbox (0.95691pt too wide) has occurred while \output is active
 []\OT4/cmss/m/n/5 Wikipatterns  
 []


Overfull \hbox (5.4274pt too wide) has occurred while \output is active
 []\OT4/cmss/m/n/5 Podsumowanie  
 []

[14

]
Overfull \hbox (2.85968pt too wide) has occurred while \output is active
 []\OT4/cmss/m/n/5 Zastosowanie 
 []


Overfull \hbox (2.27286pt too wide) has occurred while \output is active
 []\OT4/cmss/m/n/5 Zastosowania  
 []


Overfull \hbox (0.95691pt too wide) has occurred while \output is active
 []\OT4/cmss/m/n/5 Wikipatterns  
 []


Overfull \hbox (5.4274pt too wide) has occurred while \output is active
 []\OT4/cmss/m/n/5 Podsumowanie  
 []

[15

]
Overfull \hbox (2.85968pt too wide) has occurred while \output is active
 []\OT4/cmss/m/n/5 Zastosowanie 
 []


Overfull \hbox (2.27286pt too wide) has occurred while \output is active
 []\OT4/cmss/m/n/5 Zastosowania  
 []


Overfull \hbox (0.95691pt too wide) has occurred while \output is active
 []\OT4/cmss/m/n/5 Wikipatterns  
 []


Overfull \hbox (5.4274pt too wide) has occurred while \output is active
 []\OT4/cmss/m/n/5 Podsumowanie  
 []

[16

]
Overfull \hbox (2.85968pt too wide) has occurred while \output is active
 []\OT4/cmss/m/n/5 Zastosowanie 
 []


Overfull \hbox (2.27286pt too wide) has occurred while \output is active
 []\OT4/cmss/m/n/5 Zastosowania  
 []


Overfull \hbox (0.95691pt too wide) has occurred while \output is active
 []\OT4/cmss/m/n/5 Wikipatterns  
 []


Overfull \hbox (5.4274pt too wide) has occurred while \output is active
 []\OT4/cmss/m/n/5 Podsumowanie  
 []

[17

]
Overfull \hbox (2.85968pt too wide) has occurred while \output is active
 []\OT4/cmss/m/n/5 Zastosowanie 
 []


Overfull \hbox (2.27286pt too wide) has occurred while \output is active
 []\OT4/cmss/m/n/5 Zastosowania  
 []


Overfull \hbox (0.95691pt too wide) has occurred while \output is active
 []\OT4/cmss/m/n/5 Wikipatterns  
 []


Overfull \hbox (5.4274pt too wide) has occurred while \output is active
 []\OT4/cmss/m/n/5 Podsumowanie  
 []

[18

]
Overfull \hbox (2.85968pt too wide) has occurred while \output is active
 []\OT4/cmss/m/n/5 Zastosowanie 
 []


Overfull \hbox (2.27286pt too wide) has occurred while \output is active
 []\OT4/cmss/m/n/5 Zastosowania  
 []


Overfull \hbox (0.95691pt too wide) has occurred while \output is active
 []\OT4/cmss/m/n/5 Wikipatterns  
 []


Overfull \hbox (5.4274pt too wide) has occurred while \output is active
 []\OT4/cmss/m/n/5 Podsumowanie  
 []

[19

]
Overfull \hbox (2.85968pt too wide) has occurred while \output is active
 []\OT4/cmss/m/n/5 Zastosowanie 
 []


Overfull \hbox (2.27286pt too wide) has occurred while \output is active
 []\OT4/cmss/m/n/5 Zastosowania  
 []


Overfull \hbox (0.95691pt too wide) has occurred while \output is active
 []\OT4/cmss/m/n/5 Wikipatterns  
 []


Overfull \hbox (5.4274pt too wide) has occurred while \output is active
 []\OT4/cmss/m/n/5 Podsumowanie  
 []

[20

]
Overfull \hbox (2.85968pt too wide) has occurred while \output is active
 []\OT4/cmss/m/n/5 Zastosowanie 
 []


Overfull \hbox (2.27286pt too wide) has occurred while \output is active
 []\OT4/cmss/m/n/5 Zastosowania  
 []


Overfull \hbox (0.95691pt too wide) has occurred while \output is active
 []\OT4/cmss/m/n/5 Wikipatterns  
 []


Overfull \hbox (5.4274pt too wide) has occurred while \output is active
 []\OT4/cmss/m/n/5 Podsumowanie  
 []

[21

]
Overfull \hbox (2.85968pt too wide) has occurred while \output is active
 []\OT4/cmss/m/n/5 Zastosowanie 
 []


Overfull \hbox (2.27286pt too wide) has occurred while \output is active
 []\OT4/cmss/m/n/5 Zastosowania  
 []


Overfull \hbox (0.95691pt too wide) has occurred while \output is active
 []\OT4/cmss/m/n/5 Wikipatterns  
 []


Overfull \hbox (5.4274pt too wide) has occurred while \output is active
 []\OT4/cmss/m/n/5 Podsumowanie  
 []

[22

]
Overfull \hbox (2.85968pt too wide) has occurred while \output is active
 []\OT4/cmss/m/n/5 Zastosowanie 
 []


Overfull \hbox (2.27286pt too wide) has occurred while \output is active
 []\OT4/cmss/m/n/5 Zastosowania  
 []


Overfull \hbox (0.95691pt too wide) has occurred while \output is active
 []\OT4/cmss/m/n/5 Wikipatterns  
 []


Overfull \hbox (5.4274pt too wide) has occurred while \output is active
 []\OT4/cmss/m/n/5 Podsumowanie  
 []

[23

]
Overfull \hbox (2.85968pt too wide) has occurred while \output is active
 []\OT4/cmss/m/n/5 Zastosowanie 
 []


Overfull \hbox (2.27286pt too wide) has occurred while \output is active
 []\OT4/cmss/m/n/5 Zastosowania  
 []


Overfull \hbox (0.95691pt too wide) has occurred while \output is active
 []\OT4/cmss/m/n/5 Wikipatterns  
 []


Overfull \hbox (5.4274pt too wide) has occurred while \output is active
 []\OT4/cmss/m/n/5 Podsumowanie  
 []

[24

]
Overfull \hbox (2.85968pt too wide) has occurred while \output is active
 []\OT4/cmss/m/n/5 Zastosowanie 
 []


Overfull \hbox (2.27286pt too wide) has occurred while \output is active
 []\OT4/cmss/m/n/5 Zastosowania  
 []


Overfull \hbox (0.95691pt too wide) has occurred while \output is active
 []\OT4/cmss/m/n/5 Wikipatterns  
 []


Overfull \hbox (5.4274pt too wide) has occurred while \output is active
 []\OT4/cmss/m/n/5 Podsumowanie  
 []

[25

]
Overfull \hbox (2.85968pt too wide) has occurred while \output is active
 []\OT4/cmss/m/n/5 Zastosowanie 
 []


Overfull \hbox (2.27286pt too wide) has occurred while \output is active
 []\OT4/cmss/m/n/5 Zastosowania  
 []


Overfull \hbox (0.95691pt too wide) has occurred while \output is active
 []\OT4/cmss/m/n/5 Wikipatterns  
 []


Overfull \hbox (5.4274pt too wide) has occurred while \output is active
 []\OT4/cmss/m/n/5 Podsumowanie  
 []

[26

]
Overfull \hbox (2.85968pt too wide) has occurred while \output is active
 []\OT4/cmss/m/n/5 Zastosowanie 
 []


Overfull \hbox (2.27286pt too wide) has occurred while \output is active
 []\OT4/cmss/m/n/5 Zastosowania  
 []


Overfull \hbox (0.95691pt too wide) has occurred while \output is active
 []\OT4/cmss/m/n/5 Wikipatterns  
 []


Overfull \hbox (5.4274pt too wide) has occurred while \output is active
 []\OT4/cmss/m/n/5 Podsumowanie  
 []

[27

]
Overfull \hbox (2.85968pt too wide) has occurred while \output is active
 []\OT4/cmss/m/n/5 Zastosowanie 
 []


Overfull \hbox (2.27286pt too wide) has occurred while \output is active
 []\OT4/cmss/m/n/5 Zastosowania  
 []


Overfull \hbox (0.95691pt too wide) has occurred while \output is active
 []\OT4/cmss/m/n/5 Wikipatterns  
 []


Overfull \hbox (5.4274pt too wide) has occurred while \output is active
 []\OT4/cmss/m/n/5 Podsumowanie  
 []

[28

]
Overfull \hbox (2.85968pt too wide) has occurred while \output is active
 []\OT4/cmss/m/n/5 Zastosowanie 
 []


Overfull \hbox (2.27286pt too wide) has occurred while \output is active
 []\OT4/cmss/m/n/5 Zastosowania  
 []


Overfull \hbox (0.95691pt too wide) has occurred while \output is active
 []\OT4/cmss/m/n/5 Wikipatterns  
 []


Overfull \hbox (5.4274pt too wide) has occurred while \output is active
 []\OT4/cmss/m/n/5 Podsumowanie  
 []

[29

]
Overfull \hbox (2.85968pt too wide) has occurred while \output is active
 []\OT4/cmss/m/n/5 Zastosowanie 
 []


Overfull \hbox (2.27286pt too wide) has occurred while \output is active
 []\OT4/cmss/m/n/5 Zastosowania  
 []


Overfull \hbox (0.95691pt too wide) has occurred while \output is active
 []\OT4/cmss/m/n/5 Wikipatterns  
 []


Overfull \hbox (5.4274pt too wide) has occurred while \output is active
 []\OT4/cmss/m/n/5 Podsumowanie  
 []

[30

]
Overfull \hbox (2.85968pt too wide) has occurred while \output is active
 []\OT4/cmss/m/n/5 Zastosowanie 
 []


Overfull \hbox (2.27286pt too wide) has occurred while \output is active
 []\OT4/cmss/m/n/5 Zastosowania  
 []


Overfull \hbox (0.95691pt too wide) has occurred while \output is active
 []\OT4/cmss/m/n/5 Wikipatterns  
 []


Overfull \hbox (5.4274pt too wide) has occurred while \output is active
 []\OT4/cmss/m/n/5 Podsumowanie  
 []

[31

]
Overfull \hbox (2.85968pt too wide) has occurred while \output is active
 []\OT4/cmss/m/n/5 Zastosowanie 
 []


Overfull \hbox (2.27286pt too wide) has occurred while \output is active
 []\OT4/cmss/m/n/5 Zastosowania  
 []


Overfull \hbox (0.95691pt too wide) has occurred while \output is active
 []\OT4/cmss/m/n/5 Wikipatterns  
 []


Overfull \hbox (5.4274pt too wide) has occurred while \output is active
 []\OT4/cmss/m/n/5 Podsumowanie  
 []

[32

]
Overfull \hbox (2.85968pt too wide) has occurred while \output is active
 []\OT4/cmss/m/n/5 Zastosowanie 
 []


Overfull \hbox (2.27286pt too wide) has occurred while \output is active
 []\OT4/cmss/m/n/5 Zastosowania  
 []


Overfull \hbox (0.95691pt too wide) has occurred while \output is active
 []\OT4/cmss/m/n/5 Wikipatterns  
 []


Overfull \hbox (5.4274pt too wide) has occurred while \output is active
 []\OT4/cmss/m/n/5 Podsumowanie  
 []

[33

]
Overfull \hbox (2.85968pt too wide) has occurred while \output is active
 []\OT4/cmss/m/n/5 Zastosowanie 
 []


Overfull \hbox (2.27286pt too wide) has occurred while \output is active
 []\OT4/cmss/m/n/5 Zastosowania  
 []


Overfull \hbox (0.95691pt too wide) has occurred while \output is active
 []\OT4/cmss/m/n/5 Wikipatterns  
 []


Overfull \hbox (5.4274pt too wide) has occurred while \output is active
 []\OT4/cmss/m/n/5 Podsumowanie  
 []

[34

]
Overfull \hbox (2.85968pt too wide) has occurred while \output is active
 []\OT4/cmss/m/n/5 Zastosowanie 
 []


Overfull \hbox (2.27286pt too wide) has occurred while \output is active
 []\OT4/cmss/m/n/5 Zastosowania  
 []


Overfull \hbox (0.95691pt too wide) has occurred while \output is active
 []\OT4/cmss/m/n/5 Wikipatterns  
 []


Overfull \hbox (5.4274pt too wide) has occurred while \output is active
 []\OT4/cmss/m/n/5 Podsumowanie  
 []

[35

]
Overfull \hbox (2.85968pt too wide) has occurred while \output is active
 []\OT4/cmss/m/n/5 Zastosowanie 
 []


Overfull \hbox (2.27286pt too wide) has occurred while \output is active
 []\OT4/cmss/m/n/5 Zastosowania  
 []


Overfull \hbox (0.95691pt too wide) has occurred while \output is active
 []\OT4/cmss/m/n/5 Wikipatterns  
 []


Overfull \hbox (5.4274pt too wide) has occurred while \output is active
 []\OT4/cmss/m/n/5 Podsumowanie  
 []

[36

]
\tf@nav=\write5
\tf@toc=\write6
\tf@snm=\write7
 (wikiprezentacja.aux) ) 
Here is how much of TeX's memory you used:
 13563 strings out of 95297
 233745 string characters out of 1183615
 329377 words of memory out of 1500000
 16359 multiletter control sequences out of 110000
 7631 words of font info for 23 fonts, out of 3000000 for 5000
 34 hyphenation exceptions out of 8191
 43i,16n,60p,342b,652s stack positions out of 5000i,500n,10000p,200000b,50000s
{d:/Program Files/MiKTeX 2.7/fonts/enc/dvips/pl/plrm.en
c}<d:/Program Files/MiKTeX 2.7/fonts/type1/public/pl/plss10.pfb><d:/Program Fil
es/MiKTeX 2.7/fonts/type1/public/pl/plss8.pfb><d:/Program Files/MiKTeX 2.7/font
s/type1/public/pl/plss9.pfb><d:/Program Files/MiKTeX 2.7/fonts/type1/public/pl/
plssbx10.pfb>
Output written on wikiprezentacja.pdf (36 pages, 336752 bytes).
PDF statistics:
 1375 PDF objects out of 1440 (max. 8388607)
 82 named destinations out of 1000 (max. 131072)
 153 words of extra memory for PDF output out of 10000 (max. 10000000)

