This is pdfTeX, Version 3.1415926-2.5-1.40.14 (TeX Live 2013/TeX Live for SUSE Linux) (format=pdflatex 2013.11.22)  8 APR 2014 10:58
entering extended mode
 restricted \write18 enabled.
 %&-line parsing enabled.
**main.tex
(./main.tex
LaTeX2e <2011/06/27>
Babel <3.9f> and hyphenation patterns for 78 languages loaded.
(/usr/share/texmf/tex/latex/base/article.cls
Document Class: article 2007/10/19 v1.4h Standard LaTeX document class
(/usr/share/texmf/tex/latex/base/size10.clo
File: size10.clo 2007/10/19 v1.4h Standard LaTeX file (size option)
)
\c@part=\count79
\c@section=\count80
\c@subsection=\count81
\c@subsubsection=\count82
\c@paragraph=\count83
\c@subparagraph=\count84
\c@figure=\count85
\c@table=\count86
\abovecaptionskip=\skip41
\belowcaptionskip=\skip42
\bibindent=\dimen102
)
(/usr/share/texmf/tex/latex/polski/polski.sty
Package: polski 2008/02/24 v1.3.3 Polish language package

Document language package `polski' v1.3.3 <2008/02/24>
   Switching to Polish text encoding and Polish maths fonts.
(/usr/share/texmf/tex/latex/base/ot4enc.def
File: ot4enc.def 2005/09/27 v1.99g Standard LaTeX file
)
LaTeX Font Info:    Try loading font information for OT4+cmr on input line 346.


(/usr/share/texmf/tex/latex/polski/ot4cmr.fd
File: ot4cmr.fd 2008/02/24 v1.2.1 Font defs for fonts PL (MW)
)
LaTeX Font Info:    Overwriting math alphabet `\mathbf' in version `normal'
(Font)                  OT1/cmr/bx/n --> OT4/cmr/bx/n on input line 346.
LaTeX Font Info:    Overwriting math alphabet `\mathsf' in version `normal'
(Font)                  OT1/cmss/m/n --> OT4/cmss/m/n on input line 346.
LaTeX Font Info:    Overwriting math alphabet `\mathit' in version `normal'
(Font)                  OT1/cmr/m/it --> OT4/cmr/m/it on input line 346.
LaTeX Font Info:    Overwriting math alphabet `\mathtt' in version `normal'
(Font)                  OT1/cmtt/m/n --> OT4/cmtt/m/n on input line 346.
LaTeX Font Info:    Overwriting math alphabet `\mathsf' in version `bold'
(Font)                  OT1/cmss/bx/n --> OT4/cmss/bx/n on input line 346.
LaTeX Font Info:    Overwriting math alphabet `\mathit' in version `bold'
(Font)                  OT1/cmr/bx/it --> OT4/cmr/bx/it on input line 346.
LaTeX Font Info:    Encoding `OT1' has changed to `OT4' for symbol font
(Font)              `operators' in the math version `normal' on input line 346.

LaTeX Font Info:    Overwriting symbol font `operators' in version `normal'
(Font)                  OT1/cmr/m/n --> OT4/cmr/m/n on input line 346.
LaTeX Font Info:    Overwriting symbol font `letters' in version `normal'
(Font)                  OML/cmm/m/it --> OML/plm/m/it on input line 346.
LaTeX Font Info:    Overwriting symbol font `symbols' in version `normal'
(Font)                  OMS/cmsy/m/n --> OMS/plsy/m/n on input line 346.
LaTeX Font Info:    Overwriting symbol font `largesymbols' in version `normal'
(Font)                  OMX/cmex/m/n --> OMX/plex/m/n on input line 346.
LaTeX Font Info:    Encoding `OT1' has changed to `OT4' for symbol font
(Font)              `operators' in the math version `bold' on input line 346.
LaTeX Font Info:    Overwriting symbol font `operators' in version `bold'
(Font)                  OT1/cmr/bx/n --> OT4/cmr/bx/n on input line 346.
LaTeX Font Info:    Overwriting symbol font `letters' in version `bold'
(Font)                  OML/cmm/b/it --> OML/plm/b/it on input line 346.
LaTeX Font Info:    Overwriting symbol font `symbols' in version `bold'
(Font)                  OMS/cmsy/b/n --> OMS/plsy/b/n on input line 346.
)
(/usr/share/texmf/tex/latex/base/inputenc.sty
Package: inputenc 2008/03/30 v1.1d Input encoding file
\inpenc@prehook=\toks14
\inpenc@posthook=\toks15

(/usr/share/texmf/tex/latex/base/utf8.def
File: utf8.def 2008/04/05 v1.1m UTF-8 support for inputenc
Now handling font encoding OML ...
... no UTF-8 mapping file for font encoding OML
Now handling font encoding T1 ...
... processing UTF-8 mapping file for font encoding T1

(/usr/share/texmf/tex/latex/base/t1enc.dfu
File: t1enc.dfu 2008/04/05 v1.1m UTF-8 support for inputenc
   defining Unicode char U+00A1 (decimal 161)
   defining Unicode char U+00A3 (decimal 163)
   defining Unicode char U+00AB (decimal 171)
   defining Unicode char U+00BB (decimal 187)
   defining Unicode char U+00BF (decimal 191)
   defining Unicode char U+00C0 (decimal 192)
   defining Unicode char U+00C1 (decimal 193)
   defining Unicode char U+00C2 (decimal 194)
   defining Unicode char U+00C3 (decimal 195)
   defining Unicode char U+00C4 (decimal 196)
   defining Unicode char U+00C5 (decimal 197)
   defining Unicode char U+00C6 (decimal 198)
   defining Unicode char U+00C7 (decimal 199)
   defining Unicode char U+00C8 (decimal 200)
   defining Unicode char U+00C9 (decimal 201)
   defining Unicode char U+00CA (decimal 202)
   defining Unicode char U+00CB (decimal 203)
   defining Unicode char U+00CC (decimal 204)
   defining Unicode char U+00CD (decimal 205)
   defining Unicode char U+00CE (decimal 206)
   defining Unicode char U+00CF (decimal 207)
   defining Unicode char U+00D0 (decimal 208)
   defining Unicode char U+00D1 (decimal 209)
   defining Unicode char U+00D2 (decimal 210)
   defining Unicode char U+00D3 (decimal 211)
   defining Unicode char U+00D4 (decimal 212)
   defining Unicode char U+00D5 (decimal 213)
   defining Unicode char U+00D6 (decimal 214)
   defining Unicode char U+00D8 (decimal 216)
   defining Unicode char U+00D9 (decimal 217)
   defining Unicode char U+00DA (decimal 218)
   defining Unicode char U+00DB (decimal 219)
   defining Unicode char U+00DC (decimal 220)
   defining Unicode char U+00DD (decimal 221)
   defining Unicode char U+00DE (decimal 222)
   defining Unicode char U+00DF (decimal 223)
   defining Unicode char U+00E0 (decimal 224)
   defining Unicode char U+00E1 (decimal 225)
   defining Unicode char U+00E2 (decimal 226)
   defining Unicode char U+00E3 (decimal 227)
   defining Unicode char U+00E4 (decimal 228)
   defining Unicode char U+00E5 (decimal 229)
   defining Unicode char U+00E6 (decimal 230)
   defining Unicode char U+00E7 (decimal 231)
   defining Unicode char U+00E8 (decimal 232)
   defining Unicode char U+00E9 (decimal 233)
   defining Unicode char U+00EA (decimal 234)
   defining Unicode char U+00EB (decimal 235)
   defining Unicode char U+00EC (decimal 236)
   defining Unicode char U+00ED (decimal 237)
   defining Unicode char U+00EE (decimal 238)
   defining Unicode char U+00EF (decimal 239)
   defining Unicode char U+00F0 (decimal 240)
   defining Unicode char U+00F1 (decimal 241)
   defining Unicode char U+00F2 (decimal 242)
   defining Unicode char U+00F3 (decimal 243)
   defining Unicode char U+00F4 (decimal 244)
   defining Unicode char U+00F5 (decimal 245)
   defining Unicode char U+00F6 (decimal 246)
   defining Unicode char U+00F8 (decimal 248)
   defining Unicode char U+00F9 (decimal 249)
   defining Unicode char U+00FA (decimal 250)
   defining Unicode char U+00FB (decimal 251)
   defining Unicode char U+00FC (decimal 252)
   defining Unicode char U+00FD (decimal 253)
   defining Unicode char U+00FE (decimal 254)
   defining Unicode char U+00FF (decimal 255)
   defining Unicode char U+0102 (decimal 258)
   defining Unicode char U+0103 (decimal 259)
   defining Unicode char U+0104 (decimal 260)
   defining Unicode char U+0105 (decimal 261)
   defining Unicode char U+0106 (decimal 262)
   defining Unicode char U+0107 (decimal 263)
   defining Unicode char U+010C (decimal 268)
   defining Unicode char U+010D (decimal 269)
   defining Unicode char U+010E (decimal 270)
   defining Unicode char U+010F (decimal 271)
   defining Unicode char U+0110 (decimal 272)
   defining Unicode char U+0111 (decimal 273)
   defining Unicode char U+0118 (decimal 280)
   defining Unicode char U+0119 (decimal 281)
   defining Unicode char U+011A (decimal 282)
   defining Unicode char U+011B (decimal 283)
   defining Unicode char U+011E (decimal 286)
   defining Unicode char U+011F (decimal 287)
   defining Unicode char U+0130 (decimal 304)
   defining Unicode char U+0131 (decimal 305)
   defining Unicode char U+0132 (decimal 306)
   defining Unicode char U+0133 (decimal 307)
   defining Unicode char U+0139 (decimal 313)
   defining Unicode char U+013A (decimal 314)
   defining Unicode char U+013D (decimal 317)
   defining Unicode char U+013E (decimal 318)
   defining Unicode char U+0141 (decimal 321)
   defining Unicode char U+0142 (decimal 322)
   defining Unicode char U+0143 (decimal 323)
   defining Unicode char U+0144 (decimal 324)
   defining Unicode char U+0147 (decimal 327)
   defining Unicode char U+0148 (decimal 328)
   defining Unicode char U+014A (decimal 330)
   defining Unicode char U+014B (decimal 331)
   defining Unicode char U+0150 (decimal 336)
   defining Unicode char U+0151 (decimal 337)
   defining Unicode char U+0152 (decimal 338)
   defining Unicode char U+0153 (decimal 339)
   defining Unicode char U+0154 (decimal 340)
   defining Unicode char U+0155 (decimal 341)
   defining Unicode char U+0158 (decimal 344)
   defining Unicode char U+0159 (decimal 345)
   defining Unicode char U+015A (decimal 346)
   defining Unicode char U+015B (decimal 347)
   defining Unicode char U+015E (decimal 350)
   defining Unicode char U+015F (decimal 351)
   defining Unicode char U+0160 (decimal 352)
   defining Unicode char U+0161 (decimal 353)
   defining Unicode char U+0162 (decimal 354)
   defining Unicode char U+0163 (decimal 355)
   defining Unicode char U+0164 (decimal 356)
   defining Unicode char U+0165 (decimal 357)
   defining Unicode char U+016E (decimal 366)
   defining Unicode char U+016F (decimal 367)
   defining Unicode char U+0170 (decimal 368)
   defining Unicode char U+0171 (decimal 369)
   defining Unicode char U+0178 (decimal 376)
   defining Unicode char U+0179 (decimal 377)
   defining Unicode char U+017A (decimal 378)
   defining Unicode char U+017B (decimal 379)
   defining Unicode char U+017C (decimal 380)
   defining Unicode char U+017D (decimal 381)
   defining Unicode char U+017E (decimal 382)
   defining Unicode char U+200C (decimal 8204)
   defining Unicode char U+2013 (decimal 8211)
   defining Unicode char U+2014 (decimal 8212)
   defining Unicode char U+2018 (decimal 8216)
   defining Unicode char U+2019 (decimal 8217)
   defining Unicode char U+201A (decimal 8218)
   defining Unicode char U+201C (decimal 8220)
   defining Unicode char U+201D (decimal 8221)
   defining Unicode char U+201E (decimal 8222)
   defining Unicode char U+2030 (decimal 8240)
   defining Unicode char U+2031 (decimal 8241)
   defining Unicode char U+2039 (decimal 8249)
   defining Unicode char U+203A (decimal 8250)
   defining Unicode char U+2423 (decimal 9251)
)
Now handling font encoding OT1 ...
... processing UTF-8 mapping file for font encoding OT1

(/usr/share/texmf/tex/latex/base/ot1enc.dfu
File: ot1enc.dfu 2008/04/05 v1.1m UTF-8 support for inputenc
   defining Unicode char U+00A1 (decimal 161)
   defining Unicode char U+00A3 (decimal 163)
   defining Unicode char U+00B8 (decimal 184)
   defining Unicode char U+00BF (decimal 191)
   defining Unicode char U+00C5 (decimal 197)
   defining Unicode char U+00C6 (decimal 198)
   defining Unicode char U+00D8 (decimal 216)
   defining Unicode char U+00DF (decimal 223)
   defining Unicode char U+00E6 (decimal 230)
   defining Unicode char U+00EC (decimal 236)
   defining Unicode char U+00ED (decimal 237)
   defining Unicode char U+00EE (decimal 238)
   defining Unicode char U+00EF (decimal 239)
   defining Unicode char U+00F8 (decimal 248)
   defining Unicode char U+0131 (decimal 305)
   defining Unicode char U+0141 (decimal 321)
   defining Unicode char U+0142 (decimal 322)
   defining Unicode char U+0152 (decimal 338)
   defining Unicode char U+0153 (decimal 339)
   defining Unicode char U+2013 (decimal 8211)
   defining Unicode char U+2014 (decimal 8212)
   defining Unicode char U+2018 (decimal 8216)
   defining Unicode char U+2019 (decimal 8217)
   defining Unicode char U+201C (decimal 8220)
   defining Unicode char U+201D (decimal 8221)
)
Now handling font encoding OMS ...
... processing UTF-8 mapping file for font encoding OMS

(/usr/share/texmf/tex/latex/base/omsenc.dfu
File: omsenc.dfu 2008/04/05 v1.1m UTF-8 support for inputenc
   defining Unicode char U+00A7 (decimal 167)
   defining Unicode char U+00B6 (decimal 182)
   defining Unicode char U+00B7 (decimal 183)
   defining Unicode char U+2020 (decimal 8224)
   defining Unicode char U+2021 (decimal 8225)
   defining Unicode char U+2022 (decimal 8226)
)
Now handling font encoding OMX ...
... no UTF-8 mapping file for font encoding OMX
Now handling font encoding U ...
... no UTF-8 mapping file for font encoding U
Now handling font encoding OT4 ...
... no UTF-8 mapping file for font encoding OT4
   defining Unicode char U+00A9 (decimal 169)
   defining Unicode char U+00AA (decimal 170)
   defining Unicode char U+00AE (decimal 174)
   defining Unicode char U+00BA (decimal 186)
   defining Unicode char U+02C6 (decimal 710)
   defining Unicode char U+02DC (decimal 732)
   defining Unicode char U+200C (decimal 8204)
   defining Unicode char U+2026 (decimal 8230)
   defining Unicode char U+2122 (decimal 8482)
   defining Unicode char U+2423 (decimal 9251)
))
(/usr/share/texmf/tex/latex/tools/array.sty
Package: array 2008/09/09 v2.4c Tabular extension package (FMi)
\col@sep=\dimen103
\extrarowheight=\dimen104
\NC@list=\toks16
\extratabsurround=\skip43
\backup@length=\skip44
)
(/usr/share/texmf/tex/latex/graphics/graphicx.sty
Package: graphicx 1999/02/16 v1.0f Enhanced LaTeX Graphics (DPC,SPQR)

(/usr/share/texmf/tex/latex/graphics/keyval.sty
Package: keyval 1999/03/16 v1.13 key=value parser (DPC)
\KV@toks@=\toks17
)
(/usr/share/texmf/tex/latex/graphics/graphics.sty
Package: graphics 2009/02/05 v1.0o Standard LaTeX Graphics (DPC,SPQR)

(/usr/share/texmf/tex/latex/graphics/trig.sty
Package: trig 1999/03/16 v1.09 sin cos tan (DPC)
)
(/usr/share/texmf/tex/latex/latexconfig/graphics.cfg
File: graphics.cfg 2010/04/23 v1.9 graphics configuration of TeX Live
)
Package graphics Info: Driver file: pdftex.def on input line 91.

(/usr/share/texmf/tex/latex/pdftex-def/pdftex.def
File: pdftex.def 2011/05/27 v0.06d Graphics/color for pdfTeX

(/usr/share/texmf/tex/generic/oberdiek/infwarerr.sty
Package: infwarerr 2010/04/08 v1.3 Providing info/warning/error messages (HO)
)
(/usr/share/texmf/tex/generic/oberdiek/ltxcmds.sty
Package: ltxcmds 2011/11/09 v1.22 LaTeX kernel commands for general use (HO)
)
\Gread@gobject=\count87
))
\Gin@req@height=\dimen105
\Gin@req@width=\dimen106
)
(/usr/share/texmf/tex/latex/footmisc/footmisc.sty
Package: footmisc 2011/06/06 v5.5b a miscellany of footnote facilities
\FN@temptoken=\toks18
\footnotemargin=\dimen107
\c@pp@next@reset=\count88
Package footmisc Info: Declaring symbol style bringhurst on input line 855.
Package footmisc Info: Declaring symbol style chicago on input line 863.
Package footmisc Info: Declaring symbol style wiley on input line 872.
Package footmisc Info: Declaring symbol style lamport-robust on input line 883.

Package footmisc Info: Declaring symbol style lamport* on input line 903.
Package footmisc Info: Declaring symbol style lamport*-robust on input line 924
.
)
(/usr/share/texmf/tex/latex/geometry/geometry.sty
Package: geometry 2010/09/12 v5.6 Page Geometry

(/usr/share/texmf/tex/generic/oberdiek/ifpdf.sty
Package: ifpdf 2011/01/30 v2.3 Provides the ifpdf switch (HO)
Package ifpdf Info: pdfTeX in PDF mode is detected.
)
(/usr/share/texmf/tex/generic/oberdiek/ifvtex.sty
Package: ifvtex 2010/03/01 v1.5 Detect VTeX and its facilities (HO)
Package ifvtex Info: VTeX not detected.
)
(/usr/share/texmf/tex/generic/ifxetex/ifxetex.sty
Package: ifxetex 2010/09/12 v0.6 Provides ifxetex conditional
)
\Gm@cnth=\count89
\Gm@cntv=\count90
\c@Gm@tempcnt=\count91
\Gm@bindingoffset=\dimen108
\Gm@wd@mp=\dimen109
\Gm@odd@mp=\dimen110
\Gm@even@mp=\dimen111
\Gm@layoutwidth=\dimen112
\Gm@layoutheight=\dimen113
\Gm@layouthoffset=\dimen114
\Gm@layoutvoffset=\dimen115
\Gm@dimlist=\toks19
)
(/usr/share/texmf/tex/latex/fancyhdr/fancyhdr.sty
\fancy@headwidth=\skip45
\f@ncyO@elh=\skip46
\f@ncyO@erh=\skip47
\f@ncyO@olh=\skip48
\f@ncyO@orh=\skip49
\f@ncyO@elf=\skip50
\f@ncyO@erf=\skip51
\f@ncyO@olf=\skip52
\f@ncyO@orf=\skip53
)
(/usr/share/texmf/tex/latex/tools/longtable.sty
Package: longtable 2004/02/01 v4.11 Multi-page Table package (DPC)
\LTleft=\skip54
\LTright=\skip55
\LTpre=\skip56
\LTpost=\skip57
\LTchunksize=\count92
\LTcapwidth=\dimen116
\LT@head=\box26
\LT@firsthead=\box27
\LT@foot=\box28
\LT@lastfoot=\box29
\LT@cols=\count93
\LT@rows=\count94
\c@LT@tables=\count95
\c@LT@chunks=\count96
\LT@p@ftn=\toks20
)
(/usr/share/texmf/tex/latex/hyperref/hyperref.sty
Package: hyperref 2012/11/06 v6.83m Hypertext links for LaTeX

(/usr/share/texmf/tex/generic/oberdiek/hobsub-hyperref.sty
Package: hobsub-hyperref 2012/05/28 v1.13 Bundle oberdiek, subset hyperref (HO)


(/usr/share/texmf/tex/generic/oberdiek/hobsub-generic.sty
Package: hobsub-generic 2012/05/28 v1.13 Bundle oberdiek, subset generic (HO)
Package: hobsub 2012/05/28 v1.13 Construct package bundles (HO)
Package hobsub Info: Skipping package `infwarerr' (already loaded).
Package hobsub Info: Skipping package `ltxcmds' (already loaded).
Package: ifluatex 2010/03/01 v1.3 Provides the ifluatex switch (HO)
Package ifluatex Info: LuaTeX not detected.
Package hobsub Info: Skipping package `ifvtex' (already loaded).
Package: intcalc 2007/09/27 v1.1 Expandable calculations with integers (HO)
Package hobsub Info: Skipping package `ifpdf' (already loaded).
Package: etexcmds 2011/02/16 v1.5 Avoid name clashes with e-TeX commands (HO)
Package etexcmds Info: Could not find \expanded.
(etexcmds)             That can mean that you are not using pdfTeX 1.50 or
(etexcmds)             that some package has redefined \expanded.
(etexcmds)             In the latter case, load this package earlier.
Package: kvsetkeys 2012/04/25 v1.16 Key value parser (HO)
Package: kvdefinekeys 2011/04/07 v1.3 Define keys (HO)
Package: pdftexcmds 2011/11/29 v0.20 Utility functions of pdfTeX for LuaTeX (HO
)
Package pdftexcmds Info: LuaTeX not detected.
Package pdftexcmds Info: \pdf@primitive is available.
Package pdftexcmds Info: \pdf@ifprimitive is available.
Package pdftexcmds Info: \pdfdraftmode found.
Package: pdfescape 2011/11/25 v1.13 Implements pdfTeX's escape features (HO)
Package: bigintcalc 2012/04/08 v1.3 Expandable calculations on big integers (HO
)
Package: bitset 2011/01/30 v1.1 Handle bit-vector datatype (HO)
Package: uniquecounter 2011/01/30 v1.2 Provide unlimited unique counter (HO)
)
Package hobsub Info: Skipping package `hobsub' (already loaded).
Package: letltxmacro 2010/09/02 v1.4 Let assignment for LaTeX macros (HO)
Package: hopatch 2012/05/28 v1.2 Wrapper for package hooks (HO)
Package: xcolor-patch 2011/01/30 xcolor patch
Package: atveryend 2011/06/30 v1.8 Hooks at the very end of document (HO)
Package atveryend Info: \enddocument detected (standard20110627).
Package: atbegshi 2011/10/05 v1.16 At begin shipout hook (HO)
Package: refcount 2011/10/16 v3.4 Data extraction from label references (HO)
Package: hycolor 2011/01/30 v1.7 Color options for hyperref/bookmark (HO)
)
(/usr/share/texmf/tex/latex/oberdiek/auxhook.sty
Package: auxhook 2011/03/04 v1.3 Hooks for auxiliary files (HO)
)
(/usr/share/texmf/tex/latex/oberdiek/kvoptions.sty
Package: kvoptions 2011/06/30 v3.11 Key value format for package options (HO)
)
\@linkdim=\dimen117
\Hy@linkcounter=\count97
\Hy@pagecounter=\count98

(/usr/share/texmf/tex/latex/hyperref/pd1enc.def
File: pd1enc.def 2012/11/06 v6.83m Hyperref: PDFDocEncoding definition (HO)
Now handling font encoding PD1 ...
... no UTF-8 mapping file for font encoding PD1
)
\Hy@SavedSpaceFactor=\count99

(/usr/share/texmf/tex/latex/latexconfig/hyperref.cfg
File: hyperref.cfg 2002/06/06 v1.2 hyperref configuration of TeXLive
)
Package hyperref Info: Option `bookmarks' set `true' on input line 4319.
Package hyperref Info: Hyper figures OFF on input line 4443.
Package hyperref Info: Link nesting OFF on input line 4448.
Package hyperref Info: Hyper index ON on input line 4451.
Package hyperref Info: Plain pages OFF on input line 4458.
Package hyperref Info: Backreferencing OFF on input line 4463.
Package hyperref Info: Implicit mode ON; LaTeX internals redefined.
Package hyperref Info: Bookmarks ON on input line 4688.
\c@Hy@tempcnt=\count100

(/usr/share/texmf/tex/latex/url/url.sty
\Urlmuskip=\muskip10
Package: url 2006/04/12  ver 3.3  Verb mode for urls, etc.
)
LaTeX Info: Redefining \url on input line 5041.
\XeTeXLinkMargin=\dimen118
\Fld@menulength=\count101
\Field@Width=\dimen119
\Fld@charsize=\dimen120
Package hyperref Info: Hyper figures OFF on input line 6295.
Package hyperref Info: Link nesting OFF on input line 6300.
Package hyperref Info: Hyper index ON on input line 6303.
Package hyperref Info: backreferencing OFF on input line 6310.
Package hyperref Info: Link coloring OFF on input line 6315.
Package hyperref Info: Link coloring with OCG OFF on input line 6320.
Package hyperref Info: PDF/A mode OFF on input line 6325.
LaTeX Info: Redefining \ref on input line 6365.
LaTeX Info: Redefining \pageref on input line 6369.
\Hy@abspage=\count102
\c@Item=\count103
\c@Hfootnote=\count104
)

Package hyperref Message: Driver: hpdftex.

(/usr/share/texmf/tex/latex/hyperref/hpdftex.def
File: hpdftex.def 2012/11/06 v6.83m Hyperref driver for pdfTeX
\Fld@listcount=\count105
\c@bookmark@seq@number=\count106

(/usr/share/texmf/tex/latex/oberdiek/rerunfilecheck.sty
Package: rerunfilecheck 2011/04/15 v1.7 Rerun checks for auxiliary files (HO)
Package uniquecounter Info: New unique counter `rerunfilecheck' on input line 2
82.
)
\Hy@SectionHShift=\skip58
) (./main.aux)
\openout1 = `main.aux'.

LaTeX Font Info:    Checking defaults for OML/cmm/m/it on input line 22.
LaTeX Font Info:    ... okay on input line 22.
LaTeX Font Info:    Checking defaults for T1/cmr/m/n on input line 22.
LaTeX Font Info:    ... okay on input line 22.
LaTeX Font Info:    Checking defaults for OT1/cmr/m/n on input line 22.
LaTeX Font Info:    ... okay on input line 22.
LaTeX Font Info:    Checking defaults for OMS/cmsy/m/n on input line 22.
LaTeX Font Info:    ... okay on input line 22.
LaTeX Font Info:    Checking defaults for OMX/cmex/m/n on input line 22.
LaTeX Font Info:    ... okay on input line 22.
LaTeX Font Info:    Checking defaults for U/cmr/m/n on input line 22.
LaTeX Font Info:    ... okay on input line 22.
LaTeX Font Info:    Checking defaults for OT4/cmr/m/n on input line 22.
LaTeX Font Info:    ... okay on input line 22.
LaTeX Font Info:    Checking defaults for PD1/pdf/m/n on input line 22.
LaTeX Font Info:    ... okay on input line 22.

(/usr/share/texmf/tex/context/base/supp-pdf.mkii
[Loading MPS to PDF converter (version 2006.09.02).]
\scratchcounter=\count107
\scratchdimen=\dimen121
\scratchbox=\box30
\nofMPsegments=\count108
\nofMParguments=\count109
\everyMPshowfont=\toks21
\MPscratchCnt=\count110
\MPscratchDim=\dimen122
\MPnumerator=\count111
\makeMPintoPDFobject=\count112
\everyMPtoPDFconversion=\toks22
) (/usr/share/texmf/tex/latex/oberdiek/epstopdf-base.sty
Package: epstopdf-base 2010/02/09 v2.5 Base part for package epstopdf

(/usr/share/texmf/tex/latex/oberdiek/grfext.sty
Package: grfext 2010/08/19 v1.1 Manage graphics extensions (HO)
)
Package grfext Info: Graphics extension search list:
(grfext)             [.png,.pdf,.jpg,.mps,.jpeg,.jbig2,.jb2,.PNG,.PDF,.JPG,.JPE
G,.JBIG2,.JB2,.eps]
(grfext)             \AppendGraphicsExtensions on input line 452.

(/usr/share/texmf/tex/latex/latexconfig/epstopdf-sys.cfg
File: epstopdf-sys.cfg 2010/07/13 v1.3 Configuration of (r)epstopdf for TeX Liv
e
))
*geometry* driver: auto-detecting
*geometry* detected driver: pdftex
*geometry* verbose mode - [ preamble ] result:
* driver: pdftex
* paper: a4paper
* layout: <same size as paper>
* layoutoffset:(h,v)=(0.0pt,0.0pt)
* modes: 
* h-part:(L,W,R)=(85.35826pt, 455.24411pt, 56.9055pt)
* v-part:(T,H,B)=(71.13188pt, 688.5567pt, 85.35826pt)
* \paperwidth=597.50787pt
* \paperheight=845.04684pt
* \textwidth=455.24411pt
* \textheight=688.5567pt
* \oddsidemargin=13.08827pt
* \evensidemargin=13.08827pt
* \topmargin=-40.36447pt
* \headheight=14.22636pt
* \headsep=25.0pt
* \topskip=10.0pt
* \footskip=56.9055pt
* \marginparwidth=57.0pt
* \marginparsep=11.0pt
* \columnsep=10.0pt
* \skip\footins=9.0pt plus 4.0pt minus 2.0pt
* \hoffset=0.0pt
* \voffset=0.0pt
* \mag=1000
* \@twocolumnfalse
* \@twosidefalse
* \@mparswitchfalse
* \@reversemarginfalse
* (1in=72.27pt=25.4mm, 1cm=28.453pt)

\AtBeginShipoutBox=\box31
Package hyperref Info: Link coloring OFF on input line 22.
(/usr/share/texmf/tex/latex/hyperref/nameref.sty
Package: nameref 2012/10/27 v2.43 Cross-referencing by name of section

(/usr/share/texmf/tex/generic/oberdiek/gettitlestring.sty
Package: gettitlestring 2010/12/03 v1.4 Cleanup title references (HO)
)
\c@section@level=\count113
)
LaTeX Info: Redefining \ref on input line 22.
LaTeX Info: Redefining \pageref on input line 22.
LaTeX Info: Redefining \nameref on input line 22.
 (./main.out)
(./main.out)
\@outlinefile=\write3
\openout3 = `main.out'.

 (./title.tex <./img/logo.jpg, id=450, 602.25pt x 461.725pt>
File: ./img/logo.jpg Graphic file (type jpg)

<use ./img/logo.jpg>
Package pdftex.def Info: ./img/logo.jpg used on input line 7.
(pdftex.def)             Requested size: 602.24852pt x 461.72388pt.
LaTeX Font Info:    Try loading font information for OML+plm on input line 20.
 (/usr/share/texmf/tex/latex/polski/omlplm.fd
File: omlplm.fd 2008/02/24 v1.2.1 Font defs for fonts PL (MW)
)
LaTeX Font Info:    Try loading font information for OMS+plsy on input line 20.


(/usr/share/texmf/tex/latex/polski/omsplsy.fd
File: omsplsy.fd 2008/02/24 v1.2.1 Font defs for fonts PL (MW)
)
LaTeX Font Info:    Try loading font information for OMX+plex on input line 20.


(/usr/share/texmf/tex/latex/polski/omxplex.fd
File: omxplex.fd 2008/02/24 v1.2.1 Font defs for fonts PL (MW)
)
LaTeX Font Info:    External font `plex10' loaded for size
(Font)              <10> on input line 20.
LaTeX Font Info:    External font `plex10' loaded for size
(Font)              <7> on input line 20.
LaTeX Font Info:    External font `plex10' loaded for size
(Font)              <5> on input line 20.

<./img/SOVA.png, id=451, 382.42876pt x 375.4025pt>
File: ./img/SOVA.png Graphic file (type png)
 <use ./img/SOVA.png>
Package pdftex.def Info: ./img/SOVA.png used on input line 21.
(pdftex.def)             Requested size: 382.42781pt x 375.40158pt.

Overfull \hbox (19.57889pt too wide) in paragraph at lines 21--21
[]|[]| 
 []

[1

{/usr/share/texmf/fonts/map/pdftex/updmap/pdftex.map} <./img/logo.jpg> <./img/S
OVA.png>])pdfTeX warning (ext4): destination with the same identifier (name{pag
e.1}) has been already used, duplicate ignored
<to be read again> 
                   \relax 
l.28 \clearpage
                [1] (./main.toc [2

] [3])
\tf@toc=\write4
\openout4 = `main.toc'.

 [4] [5] (./zlecenieProjektowe2.tex
[6

]
LaTeX Font Info:    Try loading font information for OMS+cmr on input line 43.
 (/usr/share/texmf/tex/latex/base/omscmr.fd
File: omscmr.fd 1999/05/25 v2.5h Standard LaTeX font definitions
)
LaTeX Font Info:    Font shape `OMS/cmr/m/n' in size <10> not available
(Font)              Font shape `OMS/cmsy/m/n' tried instead on input line 43.
 [7]) [8] (./infrastruktura2.tex [9]) [10] (./studium2.tex
Underfull \hbox (badness 10000) in paragraph at lines 32--32
[]|\OT4/cmr/m/n/10 Radosªaw Klecz-
 []


Underfull \hbox (badness 10000) in paragraph at lines 37--37
[]|\OT4/cmr/m/n/10 Radosªaw Klecz-
 []


Underfull \hbox (badness 10000) in paragraph at lines 37--37
\OT4/cmr/m/n/10 kow-ski i Piotr
 []


Underfull \hbox (badness 10000) in paragraph at lines 38--38
[]|\OT4/cmr/m/n/10 Doª¡czenie har-mo-no-gra-
 []


Underfull \hbox (badness 10000) in paragraph at lines 38--38
[]|\OT4/cmr/m/n/10 Radosªaw Klecz-
 []

[11] [12]
LaTeX Font Info:    External font `plex10' loaded for size
(Font)              <8> on input line 139.
LaTeX Font Info:    External font `plex10' loaded for size
(Font)              <6> on input line 139.
LaTeX Font Info:    Try loading font information for OT4+cmtt on input line 139
.
 (/usr/share/texmf/tex/latex/polski/ot4cmtt.fd
File: ot4cmtt.fd 2008/02/24 v1.2.1 Font defs for fonts PL (MW)
)
Underfull \hbox (badness 10000) in paragraph at lines 139--139
[][][]\OT4/cmr/m/n/8 Greg Tra-vis. Bu-ild your own ja-va li-bra-ry. pu-bli-ka-c
ja []$\OT4/cmtt/m/n/8 http : / / www . digilife . be / quickreferences / PT /
 []

[13]
Overfull \hbox (9.14667pt too wide) in paragraph at lines 158--165
 [] 
 []


Overfull \hbox (9.14667pt too wide) in paragraph at lines 169--176
 [] 
 []


Overfull \hbox (9.14667pt too wide) in paragraph at lines 180--187
 [] 
 []


Overfull \hbox (9.14667pt too wide) in paragraph at lines 190--197
 [] 
 []


Overfull \hbox (9.14667pt too wide) in paragraph at lines 201--208
 [] 
 []

[14]
Overfull \hbox (9.14667pt too wide) in paragraph at lines 211--218
 [] 
 []

[15] [16] <./img/harmonogramy/sem1.png, id=696, 365.365pt x 1427.3325pt>
File: ./img/harmonogramy/sem1.png Graphic file (type png)

<use ./img/harmonogramy/sem1.png>
Package pdftex.def Info: ./img/harmonogramy/sem1.png used on input line 344.
(pdftex.def)             Requested size: 365.3641pt x 1427.32903pt.
 [17]
<./img/harmonogramy/sem2.png, id=702, 712.6625pt x 1329.96875pt>
File: ./img/harmonogramy/sem2.png Graphic file (type png)

<use ./img/harmonogramy/sem2.png>
Package pdftex.def Info: ./img/harmonogramy/sem2.png used on input line 347.
(pdftex.def)             Requested size: 712.66077pt x 1329.96552pt.
 [18 <./img/harmonogramy/sem1.png>]) [19 <./img/harmonogramy/sem2.png>] (./sws2
.tex
Underfull \hbox (badness 1127) in paragraph at lines 36--36
[]|\OT4/cmr/m/n/10 Zmiana ko-lo-rów Pro-per-
 []

[20]
Underfull \hbox (badness 1888) in paragraph at lines 130--130
[]|\OT4/cmr/m/n/10 Biblioteka po-win-na wy-sy-ªa¢ ko-mu-ni-ka-ty in-for-ma-cyj-
ne,
 []

[21] [22] [23] <./img/thing.png, id=731, 63.437pt x 63.437pt>
File: ./img/thing.png Graphic file (type png)

<use ./img/thing.png>
Package pdftex.def Info: ./img/thing.png used on input line 334.
(pdftex.def)             Requested size: 63.43681pt x 63.43681pt.
 <./img/nothing.png, id=732, 63.437pt x 63.437pt>
File: ./img/nothing.png Graphic file (type png)

<use ./img/nothing.png>
Package pdftex.def Info: ./img/nothing.png used on input line 339.
(pdftex.def)             Requested size: 63.43681pt x 63.43681pt.
 <./img/class.png, id=733, 155.782pt x 69.058pt>
File: ./img/class.png Graphic file (type png)

<use ./img/class.png>
Package pdftex.def Info: ./img/class.png used on input line 344.
(pdftex.def)             Requested size: 155.7816pt x 69.05782pt.
 <./img/individual.png, id=734, 164.615pt x 69.861pt>
File: ./img/individual.png Graphic file (type png)

<use ./img/individual.png>
Package pdftex.def Info: ./img/individual.png used on input line 349.
(pdftex.def)             Requested size: 164.6146pt x 69.86081pt.
 <./img/property.png, id=735, 233.673pt x 72.27pt>
File: ./img/property.png Graphic file (type png)

<use ./img/property.png>
Package pdftex.def Info: ./img/property.png used on input line 354.
(pdftex.def)             Requested size: 233.67242pt x 72.2698pt.
 <./img/datatype.png, id=736, 193.523pt x 69.058pt>
File: ./img/datatype.png Graphic file (type png)

<use ./img/datatype.png>
Package pdftex.def Info: ./img/datatype.png used on input line 359.
(pdftex.def)             Requested size: 193.5225pt x 69.05782pt.

<./img/anonymousClass.png, id=737, 63.437pt x 63.437pt>
File: ./img/anonymousClass.png Graphic file (type png)

<use ./img/anonymousClass.png>
Package pdftex.def Info: ./img/anonymousClass.png used on input line 364.
(pdftex.def)             Requested size: 63.43681pt x 63.43681pt.

<./img/subclass.png, id=738, 480.997pt x 69.058pt>
File: ./img/subclass.png Graphic file (type png)
 <use ./img/subclass.png>
Package pdftex.def Info: ./img/subclass.png used on input line 369.
(pdftex.def)             Requested size: 480.9958pt x 69.05782pt.

<./img/instanceOf.png, id=739, 456.907pt x 69.861pt>
File: ./img/instanceOf.png Graphic file (type png)

<use ./img/instanceOf.png>
Package pdftex.def Info: ./img/instanceOf.png used on input line 374.
(pdftex.def)             Requested size: 456.90587pt x 69.86081pt.

<./img/instanceOfDatatype.png, id=740, 456.907pt x 69.861pt>
File: ./img/instanceOfDatatype.png Graphic file (type png)

<use ./img/instanceOfDatatype.png>
Package pdftex.def Info: ./img/instanceOfDatatype.png used on input line 375.
(pdftex.def)             Requested size: 456.90587pt x 69.86081pt.

<./img/equivalentClass.png, id=741, 485.012pt x 69.058pt>
File: ./img/equivalentClass.png Graphic file (type png)

<use ./img/equivalentClass.png>
Package pdftex.def Info: ./img/equivalentClass.png used on input line 380.
(pdftex.def)             Requested size: 485.0108pt x 69.05782pt.

<./img/disjointWith.png, id=742, 485.012pt x 69.058pt>
File: ./img/disjointWith.png Graphic file (type png)

<use ./img/disjointWith.png>
Package pdftex.def Info: ./img/disjointWith.png used on input line 385.
(pdftex.def)             Requested size: 485.0108pt x 69.05782pt.

<./img/allDifferent.png, id=743, 485.815pt x 169.433pt>
File: ./img/allDifferent.png Graphic file (type png)

<use ./img/allDifferent.png>
Package pdftex.def Info: ./img/allDifferent.png used on input line 390.
(pdftex.def)             Requested size: 485.81381pt x 169.43257pt.
 <./img/sameAs.png, id=744, 493.845pt x 69.861pt>
File: ./img/sameAs.png Graphic file (type png)

<use ./img/sameAs.png>
Package pdftex.def Info: ./img/sameAs.png used on input line 395.
(pdftex.def)             Requested size: 493.84378pt x 69.86081pt.
 <./img/oneOf.png, id=745, 503.481pt x 169.433pt>
File: ./img/oneOf.png Graphic file (type png)

<use ./img/oneOf.png>
Package pdftex.def Info: ./img/oneOf.png used on input line 400.
(pdftex.def)             Requested size: 503.47977pt x 169.43257pt.
 <./img/unionOf.png, id=746, 503.481pt x 224.037pt>
File: ./img/unionOf.png Graphic file (type png)

<use ./img/unionOf.png>
Package pdftex.def Info: ./img/unionOf.png used on input line 405.
(pdftex.def)             Requested size: 503.47977pt x 224.03644pt.

<./img/intersectionOf.png, id=747, 503.481pt x 224.037pt>
File: ./img/intersectionOf.png Graphic file (type png)

<use ./img/intersectionOf.png>
Package pdftex.def Info: ./img/intersectionOf.png used on input line 410.
(pdftex.def)             Requested size: 503.47977pt x 224.03644pt.

<./img/complementOf.png, id=748, 503.481pt x 224.037pt>
File: ./img/complementOf.png Graphic file (type png)

<use ./img/complementOf.png>
Package pdftex.def Info: ./img/complementOf.png used on input line 415.
(pdftex.def)             Requested size: 503.47977pt x 224.03644pt.

<./img/subProperty.png, id=749, 637.582pt x 72.27pt>
File: ./img/subProperty.png Graphic file (type png)

<use ./img/subProperty.png>
Package pdftex.def Info: ./img/subProperty.png used on input line 420.
(pdftex.def)             Requested size: 637.58044pt x 72.2698pt.
 <./img/inverseOf.png, id=750, 635.976pt x 72.27pt>
File: ./img/inverseOf.png Graphic file (type png)

<use ./img/inverseOf.png>
Package pdftex.def Info: ./img/inverseOf.png used on input line 425.
(pdftex.def)             Requested size: 635.97444pt x 72.2698pt.

<./img/inverseOfProperty.png, id=751, 637.582pt x 72.27pt>
File: ./img/inverseOfProperty.png Graphic file (type png)

<use ./img/inverseOfProperty.png>
Package pdftex.def Info: ./img/inverseOfProperty.png used on input line 426.
(pdftex.def)             Requested size: 637.58044pt x 72.2698pt.
 [24]
Underfull \vbox (badness 10000) detected at line 428
 []

<./img/equivalentProperty.png, id=757, 637.582pt x 72.27pt>
File: ./img/equivalentProperty.png Graphic file (type png)

<use ./img/equivalentProperty.png>
Package pdftex.def Info: ./img/equivalentProperty.png used on input line 431.
(pdftex.def)             Requested size: 637.58044pt x 72.2698pt.

<./img/functionalProperty.png, id=758, 394.273pt x 72.27pt>
File: ./img/functionalProperty.png Graphic file (type png)

<use ./img/functionalProperty.png>
Package pdftex.def Info: ./img/functionalProperty.png used on input line 436.
(pdftex.def)             Requested size: 394.27203pt x 72.2698pt.

<./img/inverseFunctionalProperty.png, id=759, 392.667pt x 72.27pt>
File: ./img/inverseFunctionalProperty.png Graphic file (type png)

<use ./img/inverseFunctionalProperty.png>
Package pdftex.def Info: ./img/inverseFunctionalProperty.png used on input line
 441.
(pdftex.def)             Requested size: 392.66605pt x 72.2698pt.

<./img/symmetricProperty.png, id=760, 394.273pt x 72.27pt>
File: ./img/symmetricProperty.png Graphic file (type png)

<use ./img/symmetricProperty.png>
Package pdftex.def Info: ./img/symmetricProperty.png used on input line 446.
(pdftex.def)             Requested size: 394.27203pt x 72.2698pt.

<./img/transitiveProperty.png, id=761, 392.667pt x 72.27pt>
File: ./img/transitiveProperty.png Graphic file (type png)

<use ./img/transitiveProperty.png>
Package pdftex.def Info: ./img/transitiveProperty.png used on input line 451.
(pdftex.def)             Requested size: 392.66605pt x 72.2698pt.


LaTeX Warning: File `elementyGraficzne/hasProperty3.png' not found on input lin
e 456.


! Package pdftex.def Error: File `elementyGraficzne/hasProperty3.png' not found
.

See the pdftex.def package documentation for explanation.
Type  H <return>  for immediate help.
 ...                                              
                                                  
l.456 ...hics{elementyGraficzne/hasProperty3.png}}
                                                  
Using draft setting for this image.
Try typing  <return>  to proceed.
If that doesn't work, type  X <return>  to quit.

<./img/domain.png, id=762, 604.659pt x 72.27pt>
File: ./img/domain.png Graphic file (type png)
 <use ./img/domain.png>
Package pdftex.def Info: ./img/domain.png used on input line 463.
(pdftex.def)             Requested size: 604.65752pt x 72.2698pt.

<./img/range.png, id=763, 604.659pt x 72.27pt>
File: ./img/range.png Graphic file (type png)
 <use ./img/range.png>
Package pdftex.def Info: ./img/range.png used on input line 468.
(pdftex.def)             Requested size: 604.65752pt x 72.2698pt.

<./img/allValuesFrom.png, id=764, 281.05pt x 72.27pt>
File: ./img/allValuesFrom.png Graphic file (type png)

<use ./img/allValuesFrom.png>
Package pdftex.def Info: ./img/allValuesFrom.png used on input line 473.
(pdftex.def)             Requested size: 281.0493pt x 72.2698pt.

<./img/someValuesFrom.png, id=765, 276.232pt x 72.27pt>
File: ./img/someValuesFrom.png Graphic file (type png)

<use ./img/someValuesFrom.png>
Package pdftex.def Info: ./img/someValuesFrom.png used on input line 478.
(pdftex.def)             Requested size: 276.23131pt x 72.2698pt.

<./img/cardinalityminmax.png, id=766, 509.102pt x 227.249pt>
File: ./img/cardinalityminmax.png Graphic file (type png)

<use ./img/cardinalityminmax.png>
Package pdftex.def Info: ./img/cardinalityminmax.png used on input line 483.
(pdftex.def)             Requested size: 509.10077pt x 227.24841pt.

<./img/cardinality.png, id=767, 509.102pt x 195.932pt>
File: ./img/cardinality.png Graphic file (type png)

<use ./img/cardinality.png>
Package pdftex.def Info: ./img/cardinality.png used on input line 488.
(pdftex.def)             Requested size: 509.10077pt x 195.93152pt.
 [25 <./img/thing.png> <./img/nothing.png> <./img/class.png> <./img/individual.
png> <./img/property.png> <./img/datatype.png> <./img/anonymousClass.png> <./im
g/subclass.png> <./img/instanceOf.png> <./img/instanceOfDatatype.png> <./img/eq
uivalentClass.png> <./img/disjointWith.png> <./img/allDifferent.png> <./img/sam
eAs.png> <./img/oneOf.png> <./img/unionOf.png> <./img/intersectionOf.png> <./im
g/complementOf.png>] [26 <./img/subProperty.png> <./img/inverseOf.png> <./img/i
nverseOfProperty.png> <./img/equivalentProperty.png> <./img/functionalProperty.
png> <./img/inverseFunctionalProperty.png> <./img/symmetricProperty.png> <./img
/transitiveProperty.png> <./img/domain.png> <./img/range.png> <./img/allValuesF
rom.png> <./img/someValuesFrom.png> <./img/cardinalityminmax.png> <./img/cardin
ality.png>] [27]) [28] (./klasy2.tex
Underfull \vbox (badness 10000) detected at line 25
 []


Underfull \hbox (badness 10000) in paragraph at lines 35--35
[]|\OT4/cmr/m/n/10 Dodano zak-tu-ali-zo-wa-ne
 []

[29]

LaTeX Warning: File `./modelowanie/OV_UML/PackageDiagram.png' not found on inpu
t line 46.


! Package pdftex.def Error: File `./modelowanie/OV_UML/PackageDiagram.png' not 
found.

See the pdftex.def package documentation for explanation.
Type  H <return>  for immediate help.
 ...                                              
                                                  
l.46 ...]{./modelowanie/OV_UML/PackageDiagram.png}
                                                  
Using draft setting for this image.
Try typing  <return>  to proceed.
If that doesn't work, type  X <return>  to quit.

[30]
Underfull \vbox (badness 10000) detected at line 83
 []


LaTeX Warning: File `./modelowanie/OV_UML/OptionsClassDiagram.png' not found on
 input line 116.


! Package pdftex.def Error: File `./modelowanie/OV_UML/OptionsClassDiagram.png'
 not found.

See the pdftex.def package documentation for explanation.
Type  H <return>  for immediate help.
 ...                                              
                                                  
l.116 ...delowanie/OV_UML/OptionsClassDiagram.png}
                                                  
Using draft setting for this image.
Try typing  <return>  to proceed.
If that doesn't work, type  X <return>  to quit.

[31]
Underfull \vbox (badness 10000) detected at line 203
 []

[32] [33] [34]

LaTeX Warning: File `./modelowanie/OV_UML/NodesClassDiagram.png' not found on i
nput line 262.


! Package pdftex.def Error: File `./modelowanie/OV_UML/NodesClassDiagram.png' n
ot found.

See the pdftex.def package documentation for explanation.
Type  H <return>  for immediate help.
 ...                                              
                                                  
l.262 ...odelowanie/OV_UML/NodesClassDiagram.png}}
                                                  
Using draft setting for this image.
Try typing  <return>  to proceed.
If that doesn't work, type  X <return>  to quit.

[35]
Underfull \vbox (badness 10000) detected at line 317
 []

[36] [37] [38] [39] [40]

LaTeX Warning: File `./modelowanie/OV_UML/EdgeClassDiagram.png' not found on in
put line 716.


! Package pdftex.def Error: File `./modelowanie/OV_UML/EdgeClassDiagram.png' no
t found.

See the pdftex.def package documentation for explanation.
Type  H <return>  for immediate help.
 ...                                              
                                                  
l.716 .../modelowanie/OV_UML/EdgeClassDiagram.png}
                                                  
Using draft setting for this image.
Try typing  <return>  to proceed.
If that doesn't work, type  X <return>  to quit.

[41]
Underfull \vbox (badness 10000) detected at line 772
 []

[42]
Underfull \hbox (badness 1895) in paragraph at lines 839--839
[]|\OT4/cmr/m/n/10 Klasa re-pre-zen-tu-j¡-ca kra-w¦d¹ ozna-cza-j¡-c¡ od-wrot-no
±¢
 []

[43] [44] [45]

LaTeX Warning: File `./modelowanie/OV_UML/VisualizationClassDiagram.png' not fo
und on input line 954.


! Package pdftex.def Error: File `./modelowanie/OV_UML/VisualizationClassDiagra
m.png' not found.

See the pdftex.def package documentation for explanation.
Type  H <return>  for immediate help.
 ...                                              
                                                  
l.954 ...nie/OV_UML/VisualizationClassDiagram.png}
                                                  
Using draft setting for this image.
Try typing  <return>  to proceed.
If that doesn't work, type  X <return>  to quit.


Underfull \vbox (badness 10000) detected at line 1006
 []

[46] [47]

LaTeX Warning: File `./modelowanie/OV_UML/GraphClassDiagram.png' not found on i
nput line 1110.


! Package pdftex.def Error: File `./modelowanie/OV_UML/GraphClassDiagram.png' n
ot found.

See the pdftex.def package documentation for explanation.
Type  H <return>  for immediate help.
 ...                                              
                                                  
l.1110 ...odelowanie/OV_UML/GraphClassDiagram.png}
                                                  
Using draft setting for this image.
Try typing  <return>  to proceed.
If that doesn't work, type  X <return>  to quit.

[48]
Underfull \hbox (badness 1810) in paragraph at lines 1129--1130
[]\OT4/cmr/m/n/10 GraphToOWL(OWLOntology on-to-lo-gy) -Zamienia
 []


Underfull \hbox (badness 10000) in paragraph at lines 1149--1150
[]\OT4/cmr/m/n/10 insertAnonymousNodesAndEdges(OWLOntology
 []


Underfull \hbox (badness 10000) in paragraph at lines 1149--1150
\OT4/cmr/m/n/10 on-to-lo-gy, Graph graph, Ha-sh-ta-ble pro-per-ties,
 []


Underfull \hbox (badness 6157) in paragraph at lines 1150--1151
[]\OT4/cmr/m/n/10 insertBaseClasses(OWLOntology on-to-lo-gy, Graph
 []


Underfull \hbox (badness 10000) in paragraph at lines 1152--1153
[]\OT4/cmr/m/n/10 insertBaseIndividuals(OWLOntology on-to-lo-gy,
 []


Underfull \hbox (badness 1609) in paragraph at lines 1155--1156
[]\OT4/cmr/m/n/10 insertBasicEdgesForProperties(OWLOntology on-to-
 []


Underfull \hbox (badness 2376) in paragraph at lines 1158--1159
[]\OT4/cmr/m/n/10 OWLToGraph(OWLOntology on-to-lo-gy) -Zamienia
 []


Underfull \vbox (badness 10000) detected at line 1168
 []

[49]

LaTeX Warning: File `./modelowanie/OV_UML/UtilsDiagram.png' not found on input 
line 1178.


! Package pdftex.def Error: File `./modelowanie/OV_UML/UtilsDiagram.png' not fo
und.

See the pdftex.def package documentation for explanation.
Type  H <return>  for immediate help.
 ...                                              
                                                  
l.1178 ...]{./modelowanie/OV_UML/UtilsDiagram.png}
                                                  
Using draft setting for this image.
Try typing  <return>  to proceed.
If that doesn't work, type  X <return>  to quit.

[50] [51]) [52] (./plikiKonfiguracyjne2.tex
Underfull \hbox (badness 1043) in paragraph at lines 27--27
[]|\OT4/cmr/m/n/10 Przygotowanie do-ku-men-
 []


Underfull \hbox (badness 3942) in paragraph at lines 27--27
\OT4/cmr/m/n/10 tu i do-da-nie vi-su-ali-sa-
 []


Underfull \hbox (badness 10000) in paragraph at lines 27--27
[]|\OT4/cmr/m/n/10 Radosªaw Klecz-
 []

[53]
Underfull \hbox (badness 10000) in paragraph at lines 42--133

 []


Underfull \hbox (badness 10000) in paragraph at lines 42--133

 []


Underfull \hbox (badness 10000) in paragraph at lines 42--133

 []


Underfull \hbox (badness 10000) in paragraph at lines 42--133

 []


Underfull \hbox (badness 10000) in paragraph at lines 42--133

 []


Underfull \hbox (badness 10000) in paragraph at lines 42--133

 []


Underfull \hbox (badness 10000) in paragraph at lines 42--133

 []


Underfull \hbox (badness 10000) in paragraph at lines 42--133

 []


Underfull \hbox (badness 10000) in paragraph at lines 42--133

 []


Underfull \hbox (badness 10000) in paragraph at lines 42--133

 []


Underfull \hbox (badness 10000) in paragraph at lines 42--133

 []


Underfull \hbox (badness 10000) in paragraph at lines 42--133

 []


Underfull \hbox (badness 10000) in paragraph at lines 42--133

 []


Underfull \hbox (badness 10000) in paragraph at lines 42--133

 []


Underfull \hbox (badness 10000) in paragraph at lines 42--133

 []


Underfull \hbox (badness 10000) in paragraph at lines 42--133

 []


Underfull \hbox (badness 10000) in paragraph at lines 42--133

 []


Underfull \hbox (badness 10000) in paragraph at lines 42--133

 []


Underfull \hbox (badness 10000) in paragraph at lines 42--133

 []


Underfull \hbox (badness 10000) in paragraph at lines 42--133

 []


Underfull \hbox (badness 10000) in paragraph at lines 42--133

 []


Underfull \hbox (badness 10000) in paragraph at lines 42--133

 []


Underfull \hbox (badness 10000) in paragraph at lines 42--133

 []


Underfull \hbox (badness 10000) in paragraph at lines 42--133

 []


Underfull \hbox (badness 10000) in paragraph at lines 42--133

 []


Underfull \hbox (badness 10000) in paragraph at lines 42--133

 []


Underfull \hbox (badness 10000) in paragraph at lines 42--133

 []


Underfull \hbox (badness 10000) in paragraph at lines 42--133

 []


Underfull \hbox (badness 10000) in paragraph at lines 42--133

 []

[54]) [55] (./ocena2.tex [56] [57] [58] [59] [60]) [61] (./slownik2.tex
Underfull \hbox (badness 2478) in paragraph at lines 33--33
[]|\OT4/cmr/m/n/10 Podstawowe po-j¦-cia Se-
 []


Underfull \hbox (badness 7722) in paragraph at lines 34--34
[]|\OT4/cmr/m/n/10 Licencje wol-ne-go opro-
 []

[62] [63]) [64]
Package atveryend Info: Empty hook `BeforeClearDocument' on input line 83.
 [65]
Package atveryend Info: Empty hook `AfterLastShipout' on input line 83.
 (./main.aux)
Package atveryend Info: Executing hook `AtVeryEndDocument' on input line 83.
Package atveryend Info: Executing hook `AtEndAfterFileList' on input line 83.
Package rerunfilecheck Info: File `main.out' has not changed.
(rerunfilecheck)             Checksum: A3B91C6C8F7F02332E28820BD57F1294;8461.
Package atveryend Info: Empty hook `AtVeryVeryEnd' on input line 83.
 ) 
Here is how much of TeX's memory you used:
 6929 strings out of 493315
 100555 string characters out of 6145892
 210857 words of memory out of 5000000
 9956 multiletter control sequences out of 15000+600000
 17385 words of font info for 46 fonts, out of 8000000 for 9000
 957 hyphenation exceptions out of 8191
 29i,14n,43p,589b,477s stack positions out of 5000i,500n,10000p,200000b,80000s
{/usr/share/texmf/fonts/enc/dvips/pl/pltt.enc}{/usr/share/texmf/fonts/enc/dvi
ps/pl/plrm.enc}{/usr/share/texmf/fonts/enc/dvips/pl/plit.enc}{/usr/share/texmf/
fonts/enc/dvips/pl/plsc.enc}</usr/share/texmf/fonts/type1/public/amsfonts/cm/cm
sy10.pfb></usr/share/texmf/fonts/type1/public/pl/plbx10.pfb></usr/share/texmf/f
onts/type1/public/pl/plbx12.pfb></usr/share/texmf/fonts/type1/public/pl/plcsc10
.pfb></usr/share/texmf/fonts/type1/public/pl/plr10.pfb></usr/share/texmf/fonts/
type1/public/pl/plr12.pfb></usr/share/texmf/fonts/type1/public/pl/plr6.pfb></us
r/share/texmf/fonts/type1/public/pl/plr7.pfb></usr/share/texmf/fonts/type1/publ
ic/pl/plr8.pfb></usr/share/texmf/fonts/type1/public/pl/plsl10.pfb></usr/share/t
exmf/fonts/type1/public/pl/plti10.pfb></usr/share/texmf/fonts/type1/public/pl/p
lti12.pfb></usr/share/texmf/fonts/type1/public/pl/pltt10.pfb></usr/share/texmf/
fonts/type1/public/pl/pltt8.pfb>
Output written on main.pdf (66 pages, 766111 bytes).
PDF statistics:
 1116 PDF objects out of 1200 (max. 8388607)
 955 compressed objects within 10 object streams
 254 named destinations out of 1000 (max. 500000)
 1069 words of extra memory for PDF output out of 10000 (max. 10000000)

